<?xml version="1.0" encoding="utf-8"?>
<CoverageSession xmlns:xsd="http://www.w3.org/2001/XMLSchema" xmlns:xsi="http://www.w3.org/2001/XMLSchema-instance" Version="0.0.0.0">
  <Summary numSequencePoints="677" visitedSequencePoints="367" numBranchPoints="0" visitedBranchPoints="0" sequenceCoverage="54.21" branchCoverage="0.0" maxCyclomaticComplexity="0" minCyclomaticComplexity="0" maxCrapScore="0" minCrapScore="0" visitedClasses="7" numClasses="7" visitedMethods="63" numMethods="63" />
  <Modules>
    <Module>
      <Summary numSequencePoints="677" visitedSequencePoints="367" numBranchPoints="0" visitedBranchPoints="0" sequenceCoverage="54.21" branchCoverage="0.0" maxCyclomaticComplexity="0" minCyclomaticComplexity="0" maxCrapScore="0" minCrapScore="0" visitedClasses="7" numClasses="7" visitedMethods="63" numMethods="63" />
      <ModuleTime>0001-01-01T00:00:00</ModuleTime>
      <ModuleName>Assembly-CSharp</ModuleName>
      <Files>
        <File uid="1" fullPath="/home/ggenjoyer/Documents/myunity/allmyfiles/labs/2lab/terer/lab2/Assets/GameInputActions.cs" />
        <File uid="2" fullPath="/home/ggenjoyer/Documents/myunity/allmyfiles/labs/2lab/terer/lab2/Assets/Scripts/Cell.cs" />
        <File uid="3" fullPath="/home/ggenjoyer/Documents/myunity/allmyfiles/labs/2lab/terer/lab2/Assets/Scripts/CellView.cs" />
        <File uid="4" fullPath="/home/ggenjoyer/Documents/myunity/allmyfiles/labs/2lab/terer/lab2/Assets/Scripts/GameField.cs" />
        <File uid="5" fullPath="/home/ggenjoyer/Documents/myunity/allmyfiles/labs/2lab/terer/lab2/Assets/Scripts/PlayerInputHandler.cs" />
        <File uid="6" fullPath="/home/ggenjoyer/Documents/myunity/allmyfiles/labs/2lab/terer/lab2/Assets/Scripts/SaveData.cs" />
      </Files>
      <Classes>
        <Class>
          <Summary numSequencePoints="49" visitedSequencePoints="49" numBranchPoints="0" visitedBranchPoints="0" sequenceCoverage="100.0" branchCoverage="0.0" maxCyclomaticComplexity="0" minCyclomaticComplexity="0" maxCrapScore="0" minCrapScore="0" visitedClasses="1" numClasses="1" visitedMethods="18" numMethods="18" />
          <FullName>GameInputActions</FullName>
          <Methods>
            <Method visited="true" cyclomaticComplexity="0" nPathComplexity="0" sequenceCoverage="100.0" branchCoverage="0" crapScore="0" isConstructor="false" isStatic="false" isGetter="true" isSetter="false">
              <Summary numSequencePoints="1" visitedSequencePoints="1" numBranchPoints="0" visitedBranchPoints="0" sequenceCoverage="100.0" branchCoverage="0" maxCyclomaticComplexity="0" minCyclomaticComplexity="0" maxCrapScore="0" minCrapScore="0" visitedClasses="0" numClasses="0" visitedMethods="1" numMethods="1" />
              <MetadataToken>100663297</MetadataToken>
              <Name>UnityEngine.InputSystem.InputActionAsset GameInputActions::get_asset()</Name>
              <FileRef uid="1" />
              <SequencePoints>
                <SequencePoint vc="57" uspid="830" ordinal="0" offset="0" sl="20" sc="37" el="20" ec="37" bec="0" bev="0" fileid="1" />
              </SequencePoints>
              <BranchPoints />
            </Method>
            <Method visited="true" cyclomaticComplexity="0" nPathComplexity="0" sequenceCoverage="100.0" branchCoverage="0" crapScore="0" isConstructor="false" isStatic="false" isGetter="false" isSetter="false">
              <Summary numSequencePoints="5" visitedSequencePoints="5" numBranchPoints="0" visitedBranchPoints="0" sequenceCoverage="100.0" branchCoverage="0" maxCyclomaticComplexity="0" minCyclomaticComplexity="0" maxCrapScore="0" minCrapScore="0" visitedClasses="0" numClasses="0" visitedMethods="1" numMethods="1" />
              <MetadataToken>100663299</MetadataToken>
              <Name>System.Void GameInputActions::Finalize()</Name>
              <FileRef uid="1" />
              <SequencePoints>
                <SequencePoint vc="17" uspid="831" ordinal="0" offset="0" sl="216" sc="5" el="216" ec="5" bec="0" bev="0" fileid="1" />
                <SequencePoint vc="17" uspid="832" ordinal="0" offset="1" sl="216" sc="5" el="216" ec="5" bec="0" bev="0" fileid="1" />
                <SequencePoint vc="17" uspid="833" ordinal="0" offset="2" sl="217" sc="9" el="217" ec="9" bec="0" bev="0" fileid="1" />
                <SequencePoint vc="17" uspid="834" ordinal="0" offset="29" sl="218" sc="5" el="218" ec="5" bec="0" bev="0" fileid="1" />
                <SequencePoint vc="17" uspid="835" ordinal="0" offset="37" sl="218" sc="5" el="218" ec="5" bec="0" bev="0" fileid="1" />
              </SequencePoints>
              <BranchPoints />
            </Method>
            <Method visited="true" cyclomaticComplexity="0" nPathComplexity="0" sequenceCoverage="100.0" branchCoverage="0" crapScore="0" isConstructor="false" isStatic="false" isGetter="false" isSetter="false">
              <Summary numSequencePoints="3" visitedSequencePoints="3" numBranchPoints="0" visitedBranchPoints="0" sequenceCoverage="100.0" branchCoverage="0" maxCyclomaticComplexity="0" minCyclomaticComplexity="0" maxCrapScore="0" minCrapScore="0" visitedClasses="0" numClasses="0" visitedMethods="1" numMethods="1" />
              <MetadataToken>100663300</MetadataToken>
              <Name>System.Void GameInputActions::Dispose()</Name>
              <FileRef uid="1" />
              <SequencePoints>
                <SequencePoint vc="18" uspid="836" ordinal="0" offset="0" sl="221" sc="5" el="221" ec="5" bec="0" bev="0" fileid="1" />
                <SequencePoint vc="18" uspid="837" ordinal="0" offset="1" sl="222" sc="9" el="222" ec="9" bec="0" bev="0" fileid="1" />
                <SequencePoint vc="18" uspid="838" ordinal="0" offset="13" sl="223" sc="5" el="223" ec="5" bec="0" bev="0" fileid="1" />
              </SequencePoints>
              <BranchPoints />
            </Method>
            <Method visited="true" cyclomaticComplexity="0" nPathComplexity="0" sequenceCoverage="100.0" branchCoverage="0" crapScore="0" isConstructor="false" isStatic="false" isGetter="true" isSetter="false">
              <Summary numSequencePoints="1" visitedSequencePoints="1" numBranchPoints="0" visitedBranchPoints="0" sequenceCoverage="100.0" branchCoverage="0" maxCyclomaticComplexity="0" minCyclomaticComplexity="0" maxCrapScore="0" minCrapScore="0" visitedClasses="0" numClasses="0" visitedMethods="1" numMethods="1" />
              <MetadataToken>100663301</MetadataToken>
              <Name>System.Nullable[InputBinding] GameInputActions::get_bindingMask()</Name>
              <FileRef uid="1" />
              <SequencePoints>
                <SequencePoint vc="1" uspid="839" ordinal="0" offset="0" sl="227" sc="16" el="227" ec="16" bec="0" bev="0" fileid="1" />
              </SequencePoints>
              <BranchPoints />
            </Method>
            <Method visited="true" cyclomaticComplexity="0" nPathComplexity="0" sequenceCoverage="100.0" branchCoverage="0" crapScore="0" isConstructor="false" isStatic="false" isGetter="false" isSetter="true">
              <Summary numSequencePoints="1" visitedSequencePoints="1" numBranchPoints="0" visitedBranchPoints="0" sequenceCoverage="100.0" branchCoverage="0" maxCyclomaticComplexity="0" minCyclomaticComplexity="0" maxCrapScore="0" minCrapScore="0" visitedClasses="0" numClasses="0" visitedMethods="1" numMethods="1" />
              <MetadataToken>100663302</MetadataToken>
              <Name>System.Void GameInputActions::set_bindingMask(System.Nullable[InputBinding])</Name>
              <FileRef uid="1" />
              <SequencePoints>
                <SequencePoint vc="1" uspid="840" ordinal="0" offset="0" sl="228" sc="16" el="228" ec="16" bec="0" bev="0" fileid="1" />
              </SequencePoints>
              <BranchPoints />
            </Method>
            <Method visited="true" cyclomaticComplexity="0" nPathComplexity="0" sequenceCoverage="100.0" branchCoverage="0" crapScore="0" isConstructor="false" isStatic="false" isGetter="true" isSetter="false">
              <Summary numSequencePoints="1" visitedSequencePoints="1" numBranchPoints="0" visitedBranchPoints="0" sequenceCoverage="100.0" branchCoverage="0" maxCyclomaticComplexity="0" minCyclomaticComplexity="0" maxCrapScore="0" minCrapScore="0" visitedClasses="0" numClasses="0" visitedMethods="1" numMethods="1" />
              <MetadataToken>100663303</MetadataToken>
              <Name>System.Nullable[ReadOnlyArray`1] GameInputActions::get_devices()</Name>
              <FileRef uid="1" />
              <SequencePoints>
                <SequencePoint vc="1" uspid="841" ordinal="0" offset="0" sl="233" sc="16" el="233" ec="16" bec="0" bev="0" fileid="1" />
              </SequencePoints>
              <BranchPoints />
            </Method>
            <Method visited="true" cyclomaticComplexity="0" nPathComplexity="0" sequenceCoverage="100.0" branchCoverage="0" crapScore="0" isConstructor="false" isStatic="false" isGetter="false" isSetter="true">
              <Summary numSequencePoints="1" visitedSequencePoints="1" numBranchPoints="0" visitedBranchPoints="0" sequenceCoverage="100.0" branchCoverage="0" maxCyclomaticComplexity="0" minCyclomaticComplexity="0" maxCrapScore="0" minCrapScore="0" visitedClasses="0" numClasses="0" visitedMethods="1" numMethods="1" />
              <MetadataToken>100663304</MetadataToken>
              <Name>System.Void GameInputActions::set_devices(System.Nullable[ReadOnlyArray`1])</Name>
              <FileRef uid="1" />
              <SequencePoints>
                <SequencePoint vc="1" uspid="842" ordinal="0" offset="0" sl="234" sc="16" el="234" ec="16" bec="0" bev="0" fileid="1" />
              </SequencePoints>
              <BranchPoints />
            </Method>
            <Method visited="true" cyclomaticComplexity="0" nPathComplexity="0" sequenceCoverage="100.0" branchCoverage="0" crapScore="0" isConstructor="false" isStatic="false" isGetter="true" isSetter="false">
              <Summary numSequencePoints="1" visitedSequencePoints="1" numBranchPoints="0" visitedBranchPoints="0" sequenceCoverage="100.0" branchCoverage="0" maxCyclomaticComplexity="0" minCyclomaticComplexity="0" maxCrapScore="0" minCrapScore="0" visitedClasses="0" numClasses="0" visitedMethods="1" numMethods="1" />
              <MetadataToken>100663305</MetadataToken>
              <Name>UnityEngine.InputSystem.Utilities.ReadOnlyArray[InputControlScheme] GameInputActions::get_controlSchemes()</Name>
              <FileRef uid="1" />
              <SequencePoints>
                <SequencePoint vc="1" uspid="843" ordinal="0" offset="0" sl="237" sc="64" el="237" ec="64" bec="0" bev="0" fileid="1" />
              </SequencePoints>
              <BranchPoints />
            </Method>
            <Method visited="true" cyclomaticComplexity="0" nPathComplexity="0" sequenceCoverage="100.0" branchCoverage="0" crapScore="0" isConstructor="false" isStatic="false" isGetter="false" isSetter="false">
              <Summary numSequencePoints="3" visitedSequencePoints="3" numBranchPoints="0" visitedBranchPoints="0" sequenceCoverage="100.0" branchCoverage="0" maxCyclomaticComplexity="0" minCyclomaticComplexity="0" maxCrapScore="0" minCrapScore="0" visitedClasses="0" numClasses="0" visitedMethods="1" numMethods="1" />
              <MetadataToken>100663306</MetadataToken>
              <Name>System.Boolean GameInputActions::Contains(UnityEngine.InputSystem.InputAction)</Name>
              <FileRef uid="1" />
              <SequencePoints>
                <SequencePoint vc="1" uspid="844" ordinal="0" offset="0" sl="240" sc="5" el="240" ec="5" bec="0" bev="0" fileid="1" />
                <SequencePoint vc="1" uspid="845" ordinal="0" offset="1" sl="241" sc="9" el="241" ec="9" bec="0" bev="0" fileid="1" />
                <SequencePoint vc="1" uspid="846" ordinal="0" offset="16" sl="242" sc="5" el="242" ec="5" bec="0" bev="0" fileid="1" />
              </SequencePoints>
              <BranchPoints />
            </Method>
            <Method visited="true" cyclomaticComplexity="0" nPathComplexity="0" sequenceCoverage="100.0" branchCoverage="0" crapScore="0" isConstructor="false" isStatic="false" isGetter="false" isSetter="false">
              <Summary numSequencePoints="3" visitedSequencePoints="3" numBranchPoints="0" visitedBranchPoints="0" sequenceCoverage="100.0" branchCoverage="0" maxCyclomaticComplexity="0" minCyclomaticComplexity="0" maxCrapScore="0" minCrapScore="0" visitedClasses="0" numClasses="0" visitedMethods="1" numMethods="1" />
              <MetadataToken>100663307</MetadataToken>
              <Name>System.Collections.Generic.IEnumerator[InputAction] GameInputActions::GetEnumerator()</Name>
              <FileRef uid="1" />
              <SequencePoints>
                <SequencePoint vc="2" uspid="847" ordinal="0" offset="0" sl="245" sc="5" el="245" ec="5" bec="0" bev="0" fileid="1" />
                <SequencePoint vc="2" uspid="848" ordinal="0" offset="1" sl="246" sc="9" el="246" ec="9" bec="0" bev="0" fileid="1" />
                <SequencePoint vc="2" uspid="849" ordinal="0" offset="15" sl="247" sc="5" el="247" ec="5" bec="0" bev="0" fileid="1" />
              </SequencePoints>
              <BranchPoints />
            </Method>
            <Method visited="true" cyclomaticComplexity="0" nPathComplexity="0" sequenceCoverage="100.0" branchCoverage="0" crapScore="0" isConstructor="false" isStatic="false" isGetter="false" isSetter="false">
              <Summary numSequencePoints="3" visitedSequencePoints="3" numBranchPoints="0" visitedBranchPoints="0" sequenceCoverage="100.0" branchCoverage="0" maxCyclomaticComplexity="0" minCyclomaticComplexity="0" maxCrapScore="0" minCrapScore="0" visitedClasses="0" numClasses="0" visitedMethods="1" numMethods="1" />
              <MetadataToken>100663309</MetadataToken>
              <Name>System.Void GameInputActions::Enable()</Name>
              <FileRef uid="1" />
              <SequencePoints>
                <SequencePoint vc="1" uspid="853" ordinal="0" offset="0" sl="255" sc="5" el="255" ec="5" bec="0" bev="0" fileid="1" />
                <SequencePoint vc="1" uspid="854" ordinal="0" offset="1" sl="256" sc="9" el="256" ec="9" bec="0" bev="0" fileid="1" />
                <SequencePoint vc="1" uspid="855" ordinal="0" offset="13" sl="257" sc="5" el="257" ec="5" bec="0" bev="0" fileid="1" />
              </SequencePoints>
              <BranchPoints />
            </Method>
            <Method visited="true" cyclomaticComplexity="0" nPathComplexity="0" sequenceCoverage="100.0" branchCoverage="0" crapScore="0" isConstructor="false" isStatic="false" isGetter="false" isSetter="false">
              <Summary numSequencePoints="3" visitedSequencePoints="3" numBranchPoints="0" visitedBranchPoints="0" sequenceCoverage="100.0" branchCoverage="0" maxCyclomaticComplexity="0" minCyclomaticComplexity="0" maxCrapScore="0" minCrapScore="0" visitedClasses="0" numClasses="0" visitedMethods="1" numMethods="1" />
              <MetadataToken>100663310</MetadataToken>
              <Name>System.Void GameInputActions::Disable()</Name>
              <FileRef uid="1" />
              <SequencePoints>
                <SequencePoint vc="1" uspid="856" ordinal="0" offset="0" sl="260" sc="5" el="260" ec="5" bec="0" bev="0" fileid="1" />
                <SequencePoint vc="1" uspid="857" ordinal="0" offset="1" sl="261" sc="9" el="261" ec="9" bec="0" bev="0" fileid="1" />
                <SequencePoint vc="1" uspid="858" ordinal="0" offset="13" sl="262" sc="5" el="262" ec="5" bec="0" bev="0" fileid="1" />
              </SequencePoints>
              <BranchPoints />
            </Method>
            <Method visited="true" cyclomaticComplexity="0" nPathComplexity="0" sequenceCoverage="100.0" branchCoverage="0" crapScore="0" isConstructor="false" isStatic="false" isGetter="true" isSetter="false">
              <Summary numSequencePoints="1" visitedSequencePoints="1" numBranchPoints="0" visitedBranchPoints="0" sequenceCoverage="100.0" branchCoverage="0" maxCyclomaticComplexity="0" minCyclomaticComplexity="0" maxCrapScore="0" minCrapScore="0" visitedClasses="0" numClasses="0" visitedMethods="1" numMethods="1" />
              <MetadataToken>100663311</MetadataToken>
              <Name>System.Collections.Generic.IEnumerable[InputBinding] GameInputActions::get_bindings()</Name>
              <FileRef uid="1" />
              <SequencePoints>
                <SequencePoint vc="2" uspid="859" ordinal="0" offset="0" sl="264" sc="50" el="264" ec="50" bec="0" bev="0" fileid="1" />
              </SequencePoints>
              <BranchPoints />
            </Method>
            <Method visited="true" cyclomaticComplexity="0" nPathComplexity="0" sequenceCoverage="100.0" branchCoverage="0" crapScore="0" isConstructor="false" isStatic="false" isGetter="false" isSetter="false">
              <Summary numSequencePoints="3" visitedSequencePoints="3" numBranchPoints="0" visitedBranchPoints="0" sequenceCoverage="100.0" branchCoverage="0" maxCyclomaticComplexity="0" minCyclomaticComplexity="0" maxCrapScore="0" minCrapScore="0" visitedClasses="0" numClasses="0" visitedMethods="1" numMethods="1" />
              <MetadataToken>100663312</MetadataToken>
              <Name>UnityEngine.InputSystem.InputAction GameInputActions::FindAction(System.String, System.Boolean)</Name>
              <FileRef uid="1" />
              <SequencePoints>
                <SequencePoint vc="2" uspid="860" ordinal="0" offset="0" sl="267" sc="5" el="267" ec="5" bec="0" bev="0" fileid="1" />
                <SequencePoint vc="2" uspid="861" ordinal="0" offset="1" sl="268" sc="9" el="268" ec="9" bec="0" bev="0" fileid="1" />
                <SequencePoint vc="2" uspid="862" ordinal="0" offset="17" sl="269" sc="5" el="269" ec="5" bec="0" bev="0" fileid="1" />
              </SequencePoints>
              <BranchPoints />
            </Method>
            <Method visited="true" cyclomaticComplexity="0" nPathComplexity="0" sequenceCoverage="100.0" branchCoverage="0" crapScore="0" isConstructor="false" isStatic="false" isGetter="false" isSetter="false">
              <Summary numSequencePoints="3" visitedSequencePoints="3" numBranchPoints="0" visitedBranchPoints="0" sequenceCoverage="100.0" branchCoverage="0" maxCyclomaticComplexity="0" minCyclomaticComplexity="0" maxCrapScore="0" minCrapScore="0" visitedClasses="0" numClasses="0" visitedMethods="1" numMethods="1" />
              <MetadataToken>100663313</MetadataToken>
              <Name>System.Int32 GameInputActions::FindBinding(UnityEngine.InputSystem.InputBinding, UnityEngine.InputSystem.InputAction&amp;)</Name>
              <FileRef uid="1" />
              <SequencePoints>
                <SequencePoint vc="1" uspid="863" ordinal="0" offset="0" sl="272" sc="5" el="272" ec="5" bec="0" bev="0" fileid="1" />
                <SequencePoint vc="1" uspid="864" ordinal="0" offset="1" sl="273" sc="9" el="273" ec="9" bec="0" bev="0" fileid="1" />
                <SequencePoint vc="1" uspid="865" ordinal="0" offset="17" sl="274" sc="5" el="274" ec="5" bec="0" bev="0" fileid="1" />
              </SequencePoints>
              <BranchPoints />
            </Method>
            <Method visited="true" cyclomaticComplexity="0" nPathComplexity="0" sequenceCoverage="100.0" branchCoverage="0" crapScore="0" isConstructor="false" isStatic="false" isGetter="true" isSetter="false">
              <Summary numSequencePoints="1" visitedSequencePoints="1" numBranchPoints="0" visitedBranchPoints="0" sequenceCoverage="100.0" branchCoverage="0" maxCyclomaticComplexity="0" minCyclomaticComplexity="0" maxCrapScore="0" minCrapScore="0" visitedClasses="0" numClasses="0" visitedMethods="1" numMethods="1" />
              <MetadataToken>100663314</MetadataToken>
              <Name>GameInputActions/PlayerActions GameInputActions::get_Player()</Name>
              <FileRef uid="1" />
              <SequencePoints>
                <SequencePoint vc="7" uspid="866" ordinal="0" offset="0" sl="336" sc="37" el="336" ec="37" bec="0" bev="0" fileid="1" />
              </SequencePoints>
              <BranchPoints />
            </Method>
            <Method visited="true" cyclomaticComplexity="0" nPathComplexity="0" sequenceCoverage="100.0" branchCoverage="0" crapScore="0" isConstructor="false" isStatic="false" isGetter="true" isSetter="false">
              <Summary numSequencePoints="5" visitedSequencePoints="5" numBranchPoints="0" visitedBranchPoints="0" sequenceCoverage="100.0" branchCoverage="0" maxCyclomaticComplexity="0" minCyclomaticComplexity="0" maxCrapScore="0" minCrapScore="0" visitedClasses="0" numClasses="0" visitedMethods="1" numMethods="1" />
              <MetadataToken>100663315</MetadataToken>
              <Name>UnityEngine.InputSystem.InputControlScheme GameInputActions::get_PlayerScheme()</Name>
              <FileRef uid="1" />
              <SequencePoints>
                <SequencePoint vc="1" uspid="867" ordinal="0" offset="0" sl="341" sc="9" el="341" ec="9" bec="0" bev="0" fileid="1" />
                <SequencePoint vc="1" uspid="868" ordinal="0" offset="1" sl="342" sc="13" el="342" ec="13" bec="0" bev="0" fileid="1" />
                <SequencePoint vc="1" uspid="869" ordinal="0" offset="14" sl="342" sc="44" el="342" ec="44" bec="0" bev="0" fileid="1" />
                <SequencePoint vc="1" uspid="870" ordinal="0" offset="36" sl="343" sc="13" el="343" ec="13" bec="0" bev="0" fileid="1" />
                <SequencePoint vc="1" uspid="871" ordinal="0" offset="64" sl="344" sc="9" el="344" ec="9" bec="0" bev="0" fileid="1" />
              </SequencePoints>
              <BranchPoints />
            </Method>
            <Method visited="true" cyclomaticComplexity="0" nPathComplexity="0" sequenceCoverage="100.0" branchCoverage="0" crapScore="0" isConstructor="true" isStatic="false" isGetter="false" isSetter="false">
              <Summary numSequencePoints="10" visitedSequencePoints="10" numBranchPoints="0" visitedBranchPoints="0" sequenceCoverage="100.0" branchCoverage="0" maxCyclomaticComplexity="0" minCyclomaticComplexity="0" maxCrapScore="0" minCrapScore="0" visitedClasses="0" numClasses="0" visitedMethods="1" numMethods="1" />
              <MetadataToken>100663298</MetadataToken>
              <Name>GameInputActions::GameInputActions()</Name>
              <FileRef uid="1" />
              <SequencePoints>
                <SequencePoint vc="17" uspid="872" ordinal="0" offset="0" sl="278" sc="5" el="278" ec="5" bec="0" bev="0" fileid="1" />
                <SequencePoint vc="17" uspid="873" ordinal="0" offset="11" sl="337" sc="5" el="337" ec="5" bec="0" bev="0" fileid="1" />
                <SequencePoint vc="17" uspid="874" ordinal="0" offset="18" sl="21" sc="5" el="21" ec="5" bec="0" bev="0" fileid="1" />
                <SequencePoint vc="17" uspid="875" ordinal="0" offset="25" sl="22" sc="5" el="22" ec="5" bec="0" bev="0" fileid="1" />
                <SequencePoint vc="17" uspid="876" ordinal="0" offset="26" sl="23" sc="9" el="23" ec="9" bec="0" bev="0" fileid="1" />
                <SequencePoint vc="17" uspid="877" ordinal="0" offset="42" sl="209" sc="9" el="209" ec="9" bec="0" bev="0" fileid="1" />
                <SequencePoint vc="17" uspid="878" ordinal="0" offset="65" sl="210" sc="9" el="210" ec="9" bec="0" bev="0" fileid="1" />
                <SequencePoint vc="17" uspid="879" ordinal="0" offset="88" sl="211" sc="9" el="211" ec="9" bec="0" bev="0" fileid="1" />
                <SequencePoint vc="17" uspid="880" ordinal="0" offset="111" sl="212" sc="9" el="212" ec="9" bec="0" bev="0" fileid="1" />
                <SequencePoint vc="17" uspid="881" ordinal="0" offset="134" sl="213" sc="5" el="213" ec="5" bec="0" bev="0" fileid="1" />
              </SequencePoints>
              <BranchPoints />
            </Method>
          </Methods>
        </Class>
        <Class>
          <Summary numSequencePoints="22" visitedSequencePoints="22" numBranchPoints="0" visitedBranchPoints="0" sequenceCoverage="100.0" branchCoverage="0.0" maxCyclomaticComplexity="0" minCyclomaticComplexity="0" maxCrapScore="0" minCrapScore="0" visitedClasses="1" numClasses="1" visitedMethods="5" numMethods="5" />
          <FullName>Cell</FullName>
          <Methods>
            <Method visited="true" cyclomaticComplexity="0" nPathComplexity="0" sequenceCoverage="100.0" branchCoverage="0" crapScore="0" isConstructor="false" isStatic="false" isGetter="true" isSetter="false">
              <Summary numSequencePoints="1" visitedSequencePoints="1" numBranchPoints="0" visitedBranchPoints="0" sequenceCoverage="100.0" branchCoverage="0" maxCyclomaticComplexity="0" minCyclomaticComplexity="0" maxCrapScore="0" minCrapScore="0" visitedClasses="0" numClasses="0" visitedMethods="1" numMethods="1" />
              <MetadataToken>100663316</MetadataToken>
              <Name>UnityEngine.Vector2Int Cell::get_Position()</Name>
              <FileRef uid="2" />
              <SequencePoints>
                <SequencePoint vc="28" uspid="882" ordinal="0" offset="0" sl="9" sc="16" el="9" ec="16" bec="0" bev="0" fileid="2" />
              </SequencePoints>
              <BranchPoints />
            </Method>
            <Method visited="true" cyclomaticComplexity="0" nPathComplexity="0" sequenceCoverage="100.0" branchCoverage="0" crapScore="0" isConstructor="false" isStatic="false" isGetter="false" isSetter="true">
              <Summary numSequencePoints="7" visitedSequencePoints="7" numBranchPoints="0" visitedBranchPoints="0" sequenceCoverage="100.0" branchCoverage="0" maxCyclomaticComplexity="0" minCyclomaticComplexity="0" maxCrapScore="0" minCrapScore="0" visitedClasses="0" numClasses="0" visitedMethods="1" numMethods="1" />
              <MetadataToken>100663317</MetadataToken>
              <Name>System.Void Cell::set_Position(UnityEngine.Vector2Int)</Name>
              <FileRef uid="2" />
              <SequencePoints>
                <SequencePoint vc="5" uspid="883" ordinal="0" offset="0" sl="11" sc="9" el="11" ec="9" bec="0" bev="0" fileid="2" />
                <SequencePoint vc="5" uspid="884" ordinal="0" offset="1" sl="12" sc="13" el="12" ec="13" bec="0" bev="0" fileid="2" />
                <SequencePoint vc="4" uspid="885" ordinal="0" offset="17" sl="13" sc="13" el="13" ec="13" bec="0" bev="0" fileid="2" />
                <SequencePoint vc="4" uspid="886" ordinal="0" offset="18" sl="14" sc="17" el="14" ec="17" bec="0" bev="0" fileid="2" />
                <SequencePoint vc="4" uspid="887" ordinal="0" offset="25" sl="15" sc="17" el="15" ec="17" bec="0" bev="0" fileid="2" />
                <SequencePoint vc="2" uspid="888" ordinal="0" offset="50" sl="16" sc="13" el="16" ec="13" bec="0" bev="0" fileid="2" />
                <SequencePoint vc="3" uspid="889" ordinal="0" offset="51" sl="17" sc="9" el="17" ec="9" bec="0" bev="0" fileid="2" />
              </SequencePoints>
              <BranchPoints />
            </Method>
            <Method visited="true" cyclomaticComplexity="0" nPathComplexity="0" sequenceCoverage="100.0" branchCoverage="0" crapScore="0" isConstructor="false" isStatic="false" isGetter="true" isSetter="false">
              <Summary numSequencePoints="1" visitedSequencePoints="1" numBranchPoints="0" visitedBranchPoints="0" sequenceCoverage="100.0" branchCoverage="0" maxCyclomaticComplexity="0" minCyclomaticComplexity="0" maxCrapScore="0" minCrapScore="0" visitedClasses="0" numClasses="0" visitedMethods="1" numMethods="1" />
              <MetadataToken>100663318</MetadataToken>
              <Name>System.Int32 Cell::get_Value()</Name>
              <FileRef uid="2" />
              <SequencePoints>
                <SequencePoint vc="18" uspid="890" ordinal="0" offset="0" sl="23" sc="16" el="23" ec="16" bec="0" bev="0" fileid="2" />
              </SequencePoints>
              <BranchPoints />
            </Method>
            <Method visited="true" cyclomaticComplexity="0" nPathComplexity="0" sequenceCoverage="100.0" branchCoverage="0" crapScore="0" isConstructor="false" isStatic="false" isGetter="false" isSetter="true">
              <Summary numSequencePoints="7" visitedSequencePoints="7" numBranchPoints="0" visitedBranchPoints="0" sequenceCoverage="100.0" branchCoverage="0" maxCyclomaticComplexity="0" minCyclomaticComplexity="0" maxCrapScore="0" minCrapScore="0" visitedClasses="0" numClasses="0" visitedMethods="1" numMethods="1" />
              <MetadataToken>100663319</MetadataToken>
              <Name>System.Void Cell::set_Value(System.Int32)</Name>
              <FileRef uid="2" />
              <SequencePoints>
                <SequencePoint vc="3" uspid="891" ordinal="0" offset="0" sl="25" sc="9" el="25" ec="9" bec="0" bev="0" fileid="2" />
                <SequencePoint vc="3" uspid="892" ordinal="0" offset="1" sl="26" sc="13" el="26" ec="13" bec="0" bev="0" fileid="2" />
                <SequencePoint vc="2" uspid="893" ordinal="0" offset="17" sl="27" sc="13" el="27" ec="13" bec="0" bev="0" fileid="2" />
                <SequencePoint vc="2" uspid="894" ordinal="0" offset="18" sl="28" sc="17" el="28" ec="17" bec="0" bev="0" fileid="2" />
                <SequencePoint vc="2" uspid="895" ordinal="0" offset="25" sl="29" sc="17" el="29" ec="17" bec="0" bev="0" fileid="2" />
                <SequencePoint vc="2" uspid="896" ordinal="0" offset="50" sl="30" sc="13" el="30" ec="13" bec="0" bev="0" fileid="2" />
                <SequencePoint vc="3" uspid="897" ordinal="0" offset="51" sl="31" sc="9" el="31" ec="9" bec="0" bev="0" fileid="2" />
              </SequencePoints>
              <BranchPoints />
            </Method>
            <Method visited="true" cyclomaticComplexity="0" nPathComplexity="0" sequenceCoverage="100.0" branchCoverage="0" crapScore="0" isConstructor="true" isStatic="false" isGetter="false" isSetter="false">
              <Summary numSequencePoints="6" visitedSequencePoints="6" numBranchPoints="0" visitedBranchPoints="0" sequenceCoverage="100.0" branchCoverage="0" maxCyclomaticComplexity="0" minCyclomaticComplexity="0" maxCrapScore="0" minCrapScore="0" visitedClasses="0" numClasses="0" visitedMethods="1" numMethods="1" />
              <MetadataToken>100663324</MetadataToken>
              <Name>Cell::Cell(UnityEngine.Vector2Int, System.Int32)</Name>
              <FileRef uid="2" />
              <SequencePoints>
                <SequencePoint vc="21" uspid="898" ordinal="0" offset="0" sl="37" sc="5" el="37" ec="5" bec="0" bev="0" fileid="2" />
                <SequencePoint vc="21" uspid="899" ordinal="0" offset="7" sl="38" sc="5" el="38" ec="5" bec="0" bev="0" fileid="2" />
                <SequencePoint vc="21" uspid="900" ordinal="0" offset="8" sl="39" sc="9" el="39" ec="9" bec="0" bev="0" fileid="2" />
                <SequencePoint vc="21" uspid="901" ordinal="0" offset="15" sl="40" sc="9" el="40" ec="9" bec="0" bev="0" fileid="2" />
                <SequencePoint vc="21" uspid="902" ordinal="0" offset="22" sl="41" sc="9" el="41" ec="9" bec="0" bev="0" fileid="2" />
                <SequencePoint vc="21" uspid="903" ordinal="0" offset="50" sl="42" sc="5" el="42" ec="5" bec="0" bev="0" fileid="2" />
              </SequencePoints>
              <BranchPoints />
            </Method>
          </Methods>
        </Class>
        <Class>
          <Summary numSequencePoints="45" visitedSequencePoints="45" numBranchPoints="0" visitedBranchPoints="0" sequenceCoverage="100.0" branchCoverage="0.0" maxCyclomaticComplexity="0" minCyclomaticComplexity="0" maxCrapScore="0" minCrapScore="0" visitedClasses="1" numClasses="1" visitedMethods="5" numMethods="5" />
          <FullName>CellView</FullName>
          <Methods>
            <Method visited="true" cyclomaticComplexity="0" nPathComplexity="0" sequenceCoverage="100.0" branchCoverage="0" crapScore="0" isConstructor="false" isStatic="false" isGetter="false" isSetter="false">
              <Summary numSequencePoints="6" visitedSequencePoints="6" numBranchPoints="0" visitedBranchPoints="0" sequenceCoverage="100.0" branchCoverage="0" maxCyclomaticComplexity="0" minCyclomaticComplexity="0" maxCrapScore="0" minCrapScore="0" visitedClasses="0" numClasses="0" visitedMethods="1" numMethods="1" />
              <MetadataToken>100663325</MetadataToken>
              <Name>System.Void CellView::Awake()</Name>
              <FileRef uid="3" />
              <SequencePoints>
                <SequencePoint vc="1" uspid="904" ordinal="0" offset="0" sl="14" sc="5" el="14" ec="5" bec="0" bev="0" fileid="3" />
                <SequencePoint vc="1" uspid="905" ordinal="0" offset="1" sl="15" sc="9" el="15" ec="9" bec="0" bev="0" fileid="3" />
                <SequencePoint vc="1" uspid="906" ordinal="0" offset="13" sl="16" sc="9" el="16" ec="9" bec="0" bev="0" fileid="3" />
                <SequencePoint vc="1" uspid="907" ordinal="0" offset="25" sl="17" sc="9" el="17" ec="9" bec="0" bev="0" fileid="3" />
                <SequencePoint vc="1" uspid="908" ordinal="0" offset="42" sl="18" sc="9" el="18" ec="9" bec="0" bev="0" fileid="3" />
                <SequencePoint vc="1" uspid="909" ordinal="0" offset="59" sl="19" sc="5" el="19" ec="5" bec="0" bev="0" fileid="3" />
              </SequencePoints>
              <BranchPoints />
            </Method>
            <Method visited="true" cyclomaticComplexity="0" nPathComplexity="0" sequenceCoverage="100.0" branchCoverage="0" crapScore="0" isConstructor="false" isStatic="false" isGetter="false" isSetter="false">
              <Summary numSequencePoints="7" visitedSequencePoints="7" numBranchPoints="0" visitedBranchPoints="0" sequenceCoverage="100.0" branchCoverage="0" maxCyclomaticComplexity="0" minCyclomaticComplexity="0" maxCrapScore="0" minCrapScore="0" visitedClasses="0" numClasses="0" visitedMethods="1" numMethods="1" />
              <MetadataToken>100663326</MetadataToken>
              <Name>System.Void CellView::Init(Cell)</Name>
              <FileRef uid="3" />
              <SequencePoints>
                <SequencePoint vc="16" uspid="910" ordinal="0" offset="0" sl="22" sc="5" el="22" ec="5" bec="0" bev="0" fileid="3" />
                <SequencePoint vc="16" uspid="911" ordinal="0" offset="1" sl="23" sc="9" el="23" ec="9" bec="0" bev="0" fileid="3" />
                <SequencePoint vc="16" uspid="912" ordinal="0" offset="8" sl="24" sc="9" el="24" ec="9" bec="0" bev="0" fileid="3" />
                <SequencePoint vc="16" uspid="913" ordinal="0" offset="32" sl="25" sc="9" el="25" ec="9" bec="0" bev="0" fileid="3" />
                <SequencePoint vc="16" uspid="914" ordinal="0" offset="56" sl="26" sc="9" el="26" ec="9" bec="0" bev="0" fileid="3" />
                <SequencePoint vc="16" uspid="915" ordinal="0" offset="80" sl="27" sc="9" el="27" ec="9" bec="0" bev="0" fileid="3" />
                <SequencePoint vc="1" uspid="916" ordinal="0" offset="104" sl="28" sc="5" el="28" ec="5" bec="0" bev="0" fileid="3" />
              </SequencePoints>
              <BranchPoints />
            </Method>
            <Method visited="true" cyclomaticComplexity="0" nPathComplexity="0" sequenceCoverage="100.0" branchCoverage="0" crapScore="0" isConstructor="false" isStatic="false" isGetter="false" isSetter="false">
              <Summary numSequencePoints="16" visitedSequencePoints="16" numBranchPoints="0" visitedBranchPoints="0" sequenceCoverage="100.0" branchCoverage="0" maxCyclomaticComplexity="0" minCyclomaticComplexity="0" maxCrapScore="0" minCrapScore="0" visitedClasses="0" numClasses="0" visitedMethods="1" numMethods="1" />
              <MetadataToken>100663327</MetadataToken>
              <Name>System.Void CellView::UpdateValue(Cell, System.Int32)</Name>
              <FileRef uid="3" />
              <SequencePoints>
                <SequencePoint vc="17" uspid="917" ordinal="0" offset="0" sl="31" sc="5" el="31" ec="5" bec="0" bev="0" fileid="3" />
                <SequencePoint vc="17" uspid="918" ordinal="0" offset="1" sl="32" sc="9" el="32" ec="9" bec="0" bev="0" fileid="3" />
                <SequencePoint vc="17" uspid="919" ordinal="0" offset="15" sl="33" sc="9" el="33" ec="9" bec="0" bev="0" fileid="3" />
                <SequencePoint vc="2" uspid="920" ordinal="0" offset="33" sl="33" sc="32" el="33" ec="32" bec="0" bev="0" fileid="3" />
                <SequencePoint vc="2" uspid="921" ordinal="0" offset="34" sl="34" sc="13" el="34" ec="13" bec="0" bev="0" fileid="3" />
                <SequencePoint vc="2" uspid="922" ordinal="0" offset="53" sl="35" sc="9" el="35" ec="9" bec="0" bev="0" fileid="3" />
                <SequencePoint vc="17" uspid="923" ordinal="0" offset="54" sl="36" sc="9" el="36" ec="9" bec="0" bev="0" fileid="3" />
                <SequencePoint vc="17" uspid="924" ordinal="0" offset="60" sl="37" sc="9" el="37" ec="9" bec="0" bev="0" fileid="3" />
                <SequencePoint vc="17" uspid="925" ordinal="0" offset="66" sl="38" sc="9" el="38" ec="9" bec="0" bev="0" fileid="3" />
                <SequencePoint vc="17" uspid="926" ordinal="0" offset="76" sl="39" sc="9" el="39" ec="9" bec="0" bev="0" fileid="3" />
                <SequencePoint vc="17" uspid="927" ordinal="0" offset="83" sl="40" sc="9" el="40" ec="9" bec="0" bev="0" fileid="3" />
                <SequencePoint vc="2" uspid="928" ordinal="0" offset="101" sl="41" sc="9" el="41" ec="9" bec="0" bev="0" fileid="3" />
                <SequencePoint vc="2" uspid="929" ordinal="0" offset="102" sl="42" sc="13" el="42" ec="13" bec="0" bev="0" fileid="3" />
                <SequencePoint vc="2" uspid="930" ordinal="0" offset="122" sl="43" sc="13" el="43" ec="13" bec="0" bev="0" fileid="3" />
                <SequencePoint vc="2" uspid="931" ordinal="0" offset="136" sl="44" sc="9" el="44" ec="9" bec="0" bev="0" fileid="3" />
                <SequencePoint vc="17" uspid="932" ordinal="0" offset="137" sl="45" sc="5" el="45" ec="5" bec="0" bev="0" fileid="3" />
              </SequencePoints>
              <BranchPoints />
            </Method>
            <Method visited="true" cyclomaticComplexity="0" nPathComplexity="0" sequenceCoverage="100.0" branchCoverage="0" crapScore="0" isConstructor="false" isStatic="false" isGetter="false" isSetter="false">
              <Summary numSequencePoints="9" visitedSequencePoints="9" numBranchPoints="0" visitedBranchPoints="0" sequenceCoverage="100.0" branchCoverage="0" maxCyclomaticComplexity="0" minCyclomaticComplexity="0" maxCrapScore="0" minCrapScore="0" visitedClasses="0" numClasses="0" visitedMethods="1" numMethods="1" />
              <MetadataToken>100663328</MetadataToken>
              <Name>System.Void CellView::UpdatePosition(Cell, UnityEngine.Vector2Int)</Name>
              <FileRef uid="3" />
              <SequencePoints>
                <SequencePoint vc="19" uspid="933" ordinal="0" offset="0" sl="48" sc="5" el="48" ec="5" bec="0" bev="0" fileid="3" />
                <SequencePoint vc="19" uspid="934" ordinal="0" offset="1" sl="49" sc="9" el="49" ec="9" bec="0" bev="0" fileid="3" />
                <SequencePoint vc="19" uspid="935" ordinal="0" offset="7" sl="50" sc="9" el="50" ec="9" bec="0" bev="0" fileid="3" />
                <SequencePoint vc="19" uspid="936" ordinal="0" offset="13" sl="51" sc="9" el="51" ec="9" bec="0" bev="0" fileid="3" />
                <SequencePoint vc="19" uspid="937" ordinal="0" offset="19" sl="52" sc="9" el="52" ec="9" bec="0" bev="0" fileid="3" />
                <SequencePoint vc="19" uspid="938" ordinal="0" offset="25" sl="53" sc="9" el="53" ec="9" bec="0" bev="0" fileid="3" />
                <SequencePoint vc="19" uspid="939" ordinal="0" offset="41" sl="54" sc="9" el="54" ec="9" bec="0" bev="0" fileid="3" />
                <SequencePoint vc="19" uspid="940" ordinal="0" offset="58" sl="55" sc="9" el="55" ec="9" bec="0" bev="0" fileid="3" />
                <SequencePoint vc="2" uspid="941" ordinal="0" offset="79" sl="56" sc="5" el="56" ec="5" bec="0" bev="0" fileid="3" />
              </SequencePoints>
              <BranchPoints />
            </Method>
            <Method visited="true" cyclomaticComplexity="0" nPathComplexity="0" sequenceCoverage="100.0" branchCoverage="0" crapScore="0" isConstructor="false" isStatic="false" isGetter="false" isSetter="false">
              <Summary numSequencePoints="7" visitedSequencePoints="7" numBranchPoints="0" visitedBranchPoints="0" sequenceCoverage="100.0" branchCoverage="0" maxCyclomaticComplexity="0" minCyclomaticComplexity="0" maxCrapScore="0" minCrapScore="0" visitedClasses="0" numClasses="0" visitedMethods="1" numMethods="1" />
              <MetadataToken>100663329</MetadataToken>
              <Name>System.Void CellView::OnDestroy()</Name>
              <FileRef uid="3" />
              <SequencePoints>
                <SequencePoint vc="1" uspid="942" ordinal="0" offset="0" sl="59" sc="5" el="59" ec="5" bec="0" bev="0" fileid="3" />
                <SequencePoint vc="1" uspid="943" ordinal="0" offset="1" sl="60" sc="9" el="60" ec="9" bec="0" bev="0" fileid="3" />
                <SequencePoint vc="1" uspid="944" ordinal="0" offset="14" sl="61" sc="9" el="61" ec="9" bec="0" bev="0" fileid="3" />
                <SequencePoint vc="1" uspid="945" ordinal="0" offset="15" sl="62" sc="13" el="62" ec="13" bec="0" bev="0" fileid="3" />
                <SequencePoint vc="1" uspid="946" ordinal="0" offset="39" sl="63" sc="13" el="63" ec="13" bec="0" bev="0" fileid="3" />
                <SequencePoint vc="1" uspid="947" ordinal="0" offset="63" sl="64" sc="9" el="64" ec="9" bec="0" bev="0" fileid="3" />
                <SequencePoint vc="1" uspid="948" ordinal="0" offset="64" sl="65" sc="5" el="65" ec="5" bec="0" bev="0" fileid="3" />
              </SequencePoints>
              <BranchPoints />
            </Method>
          </Methods>
        </Class>
        <Class>
          <Summary numSequencePoints="383" visitedSequencePoints="155" numBranchPoints="0" visitedBranchPoints="0" sequenceCoverage="40.47" branchCoverage="0.0" maxCyclomaticComplexity="0" minCyclomaticComplexity="0" maxCrapScore="0" minCrapScore="0" visitedClasses="1" numClasses="1" visitedMethods="15" numMethods="15" />
          <FullName>GameField</FullName>
          <Methods>
            <Method visited="true" cyclomaticComplexity="0" nPathComplexity="0" sequenceCoverage="100.0" branchCoverage="0" crapScore="0" isConstructor="false" isStatic="true" isGetter="true" isSetter="false">
              <Summary numSequencePoints="1" visitedSequencePoints="1" numBranchPoints="0" visitedBranchPoints="0" sequenceCoverage="100.0" branchCoverage="0" maxCyclomaticComplexity="0" minCyclomaticComplexity="0" maxCrapScore="0" minCrapScore="0" visitedClasses="0" numClasses="0" visitedMethods="1" numMethods="1" />
              <MetadataToken>100663331</MetadataToken>
              <Name>static GameField GameField::get_Instance()</Name>
              <FileRef uid="4" />
              <SequencePoints>
                <SequencePoint vc="5" uspid="949" ordinal="0" offset="0" sl="10" sc="40" el="10" ec="40" bec="0" bev="0" fileid="4" />
              </SequencePoints>
              <BranchPoints />
            </Method>
            <Method visited="true" cyclomaticComplexity="0" nPathComplexity="0" sequenceCoverage="100.0" branchCoverage="0" crapScore="0" isConstructor="false" isStatic="true" isGetter="false" isSetter="true">
              <Summary numSequencePoints="1" visitedSequencePoints="1" numBranchPoints="0" visitedBranchPoints="0" sequenceCoverage="100.0" branchCoverage="0" maxCyclomaticComplexity="0" minCyclomaticComplexity="0" maxCrapScore="0" minCrapScore="0" visitedClasses="0" numClasses="0" visitedMethods="1" numMethods="1" />
              <MetadataToken>100663332</MetadataToken>
              <Name>static System.Void GameField::set_Instance(GameField)</Name>
              <FileRef uid="4" />
              <SequencePoints>
                <SequencePoint vc="15" uspid="950" ordinal="0" offset="0" sl="10" sc="45" el="10" ec="45" bec="0" bev="0" fileid="4" />
              </SequencePoints>
              <BranchPoints />
            </Method>
            <Method visited="true" cyclomaticComplexity="0" nPathComplexity="0" sequenceCoverage="100.0" branchCoverage="0" crapScore="0" isConstructor="false" isStatic="false" isGetter="true" isSetter="false">
              <Summary numSequencePoints="1" visitedSequencePoints="1" numBranchPoints="0" visitedBranchPoints="0" sequenceCoverage="100.0" branchCoverage="0" maxCyclomaticComplexity="0" minCyclomaticComplexity="0" maxCrapScore="0" minCrapScore="0" visitedClasses="0" numClasses="0" visitedMethods="1" numMethods="1" />
              <MetadataToken>100663333</MetadataToken>
              <Name>System.String GameField::get_SavePath()</Name>
              <FileRef uid="4" />
              <SequencePoints>
                <SequencePoint vc="15" uspid="951" ordinal="0" offset="0" sl="22" sc="32" el="22" ec="32" bec="0" bev="0" fileid="4" />
              </SequencePoints>
              <BranchPoints />
            </Method>
            <Method visited="true" cyclomaticComplexity="0" nPathComplexity="0" sequenceCoverage="100.0" branchCoverage="0" crapScore="0" isConstructor="false" isStatic="false" isGetter="false" isSetter="false">
              <Summary numSequencePoints="3" visitedSequencePoints="3" numBranchPoints="0" visitedBranchPoints="0" sequenceCoverage="100.0" branchCoverage="0" maxCyclomaticComplexity="0" minCyclomaticComplexity="0" maxCrapScore="0" minCrapScore="0" visitedClasses="0" numClasses="0" visitedMethods="1" numMethods="1" />
              <MetadataToken>100663334</MetadataToken>
              <Name>System.Void GameField::Awake()</Name>
              <FileRef uid="4" />
              <SequencePoints>
                <SequencePoint vc="15" uspid="952" ordinal="0" offset="0" sl="25" sc="5" el="25" ec="5" bec="0" bev="0" fileid="4" />
                <SequencePoint vc="15" uspid="953" ordinal="0" offset="1" sl="26" sc="9" el="26" ec="9" bec="0" bev="0" fileid="4" />
                <SequencePoint vc="15" uspid="954" ordinal="0" offset="8" sl="27" sc="5" el="27" ec="5" bec="0" bev="0" fileid="4" />
              </SequencePoints>
              <BranchPoints />
            </Method>
            <Method visited="true" cyclomaticComplexity="0" nPathComplexity="0" sequenceCoverage="55.56" branchCoverage="0" crapScore="0" isConstructor="false" isStatic="false" isGetter="false" isSetter="false">
              <Summary numSequencePoints="9" visitedSequencePoints="5" numBranchPoints="0" visitedBranchPoints="0" sequenceCoverage="55.56" branchCoverage="0" maxCyclomaticComplexity="0" minCyclomaticComplexity="0" maxCrapScore="0" minCrapScore="0" visitedClasses="0" numClasses="0" visitedMethods="1" numMethods="1" />
              <MetadataToken>100663335</MetadataToken>
              <Name>System.Void GameField::Start()</Name>
              <FileRef uid="4" />
              <SequencePoints>
                <SequencePoint vc="15" uspid="955" ordinal="0" offset="0" sl="30" sc="5" el="30" ec="5" bec="0" bev="0" fileid="4" />
                <SequencePoint vc="15" uspid="956" ordinal="0" offset="1" sl="31" sc="9" el="31" ec="9" bec="0" bev="0" fileid="4" />
                <SequencePoint vc="15" uspid="957" ordinal="0" offset="8" sl="32" sc="9" el="32" ec="9" bec="0" bev="0" fileid="4" />
                <SequencePoint vc="15" uspid="958" ordinal="0" offset="26" sl="33" sc="9" el="33" ec="9" bec="0" bev="0" fileid="4" />
                <SequencePoint vc="15" uspid="959" ordinal="0" offset="27" sl="34" sc="13" el="34" ec="13" bec="0" bev="0" fileid="4" />
                <SequencePoint vc="0" uspid="960" ordinal="0" offset="34" sl="35" sc="13" el="35" ec="13" bec="0" bev="0" fileid="4" />
                <SequencePoint vc="0" uspid="961" ordinal="0" offset="41" sl="36" sc="9" el="36" ec="9" bec="0" bev="0" fileid="4" />
                <SequencePoint vc="0" uspid="962" ordinal="0" offset="42" sl="37" sc="9" el="37" ec="9" bec="0" bev="0" fileid="4" />
                <SequencePoint vc="0" uspid="963" ordinal="0" offset="49" sl="38" sc="5" el="38" ec="5" bec="0" bev="0" fileid="4" />
              </SequencePoints>
              <BranchPoints />
            </Method>
            <Method visited="true" cyclomaticComplexity="0" nPathComplexity="0" sequenceCoverage="20.00" branchCoverage="0" crapScore="0" isConstructor="false" isStatic="false" isGetter="false" isSetter="false">
              <Summary numSequencePoints="15" visitedSequencePoints="3" numBranchPoints="0" visitedBranchPoints="0" sequenceCoverage="20.00" branchCoverage="0" maxCyclomaticComplexity="0" minCyclomaticComplexity="0" maxCrapScore="0" minCrapScore="0" visitedClasses="0" numClasses="0" visitedMethods="1" numMethods="1" />
              <MetadataToken>100663337</MetadataToken>
              <Name>System.Void GameField::CheckAndHandleGameOver()</Name>
              <FileRef uid="4" />
              <SequencePoints>
                <SequencePoint vc="3" uspid="967" ordinal="0" offset="0" sl="46" sc="5" el="46" ec="5" bec="0" bev="0" fileid="4" />
                <SequencePoint vc="3" uspid="968" ordinal="0" offset="1" sl="47" sc="9" el="47" ec="9" bec="0" bev="0" fileid="4" />
                <SequencePoint vc="0" uspid="969" ordinal="0" offset="11" sl="48" sc="9" el="48" ec="9" bec="0" bev="0" fileid="4" />
                <SequencePoint vc="0" uspid="970" ordinal="0" offset="12" sl="49" sc="13" el="49" ec="13" bec="0" bev="0" fileid="4" />
                <SequencePoint vc="0" uspid="971" ordinal="0" offset="23" sl="50" sc="13" el="50" ec="13" bec="0" bev="0" fileid="4" />
                <SequencePoint vc="0" uspid="972" ordinal="0" offset="41" sl="50" sc="39" el="50" ec="39" bec="0" bev="0" fileid="4" />
                <SequencePoint vc="0" uspid="973" ordinal="0" offset="42" sl="51" sc="17" el="51" ec="17" bec="0" bev="0" fileid="4" />
                <SequencePoint vc="0" uspid="974" ordinal="0" offset="54" sl="52" sc="13" el="52" ec="13" bec="0" bev="0" fileid="4" />
                <SequencePoint vc="0" uspid="975" ordinal="0" offset="55" sl="53" sc="13" el="53" ec="13" bec="0" bev="0" fileid="4" />
                <SequencePoint vc="0" uspid="976" ordinal="0" offset="62" sl="54" sc="13" el="54" ec="13" bec="0" bev="0" fileid="4" />
                <SequencePoint vc="0" uspid="977" ordinal="0" offset="78" sl="54" sc="40" el="54" ec="40" bec="0" bev="0" fileid="4" />
                <SequencePoint vc="0" uspid="978" ordinal="0" offset="79" sl="55" sc="17" el="55" ec="17" bec="0" bev="0" fileid="4" />
                <SequencePoint vc="0" uspid="979" ordinal="0" offset="92" sl="56" sc="13" el="56" ec="13" bec="0" bev="0" fileid="4" />
                <SequencePoint vc="0" uspid="980" ordinal="0" offset="93" sl="57" sc="9" el="57" ec="9" bec="0" bev="0" fileid="4" />
                <SequencePoint vc="3" uspid="981" ordinal="0" offset="94" sl="59" sc="5" el="59" ec="5" bec="0" bev="0" fileid="4" />
              </SequencePoints>
              <BranchPoints />
            </Method>
            <Method visited="true" cyclomaticComplexity="0" nPathComplexity="0" sequenceCoverage="26.67" branchCoverage="0" crapScore="0" isConstructor="false" isStatic="false" isGetter="false" isSetter="false">
              <Summary numSequencePoints="15" visitedSequencePoints="4" numBranchPoints="0" visitedBranchPoints="0" sequenceCoverage="26.67" branchCoverage="0" maxCyclomaticComplexity="0" minCyclomaticComplexity="0" maxCrapScore="0" minCrapScore="0" visitedClasses="0" numClasses="0" visitedMethods="1" numMethods="1" />
              <MetadataToken>100663339</MetadataToken>
              <Name>System.Void GameField::MoveRight()</Name>
              <FileRef uid="4" />
              <SequencePoints>
                <SequencePoint vc="1" uspid="997" ordinal="0" offset="0" sl="83" sc="5" el="83" ec="5" bec="0" bev="0" fileid="4" />
                <SequencePoint vc="1" uspid="998" ordinal="0" offset="1" sl="84" sc="9" el="84" ec="9" bec="0" bev="0" fileid="4" />
                <SequencePoint vc="1" uspid="999" ordinal="0" offset="12" sl="85" sc="9" el="85" ec="9" bec="0" bev="0" fileid="4" />
                <SequencePoint vc="0" uspid="1000" ordinal="0" offset="30" sl="86" sc="9" el="86" ec="9" bec="0" bev="0" fileid="4" />
                <SequencePoint vc="0" uspid="1001" ordinal="0" offset="31" sl="87" sc="13" el="87" ec="13" bec="0" bev="0" fileid="4" />
                <SequencePoint vc="0" uspid="1002" ordinal="0" offset="49" sl="88" sc="13" el="88" ec="13" bec="0" bev="0" fileid="4" />
                <SequencePoint vc="1" uspid="1003" ordinal="0" offset="51" sl="90" sc="9" el="90" ec="9" bec="0" bev="0" fileid="4" />
                <SequencePoint vc="0" uspid="1004" ordinal="0" offset="63" sl="91" sc="9" el="91" ec="9" bec="0" bev="0" fileid="4" />
                <SequencePoint vc="0" uspid="1005" ordinal="0" offset="68" sl="92" sc="9" el="92" ec="9" bec="0" bev="0" fileid="4" />
                <SequencePoint vc="0" uspid="1006" ordinal="0" offset="69" sl="93" sc="13" el="93" ec="13" bec="0" bev="0" fileid="4" />
                <SequencePoint vc="0" uspid="1007" ordinal="0" offset="76" sl="94" sc="9" el="94" ec="9" bec="0" bev="0" fileid="4" />
                <SequencePoint vc="0" uspid="1008" ordinal="0" offset="79" sl="96" sc="9" el="96" ec="9" bec="0" bev="0" fileid="4" />
                <SequencePoint vc="0" uspid="1009" ordinal="0" offset="80" sl="97" sc="13" el="97" ec="13" bec="0" bev="0" fileid="4" />
                <SequencePoint vc="0" uspid="1010" ordinal="0" offset="87" sl="98" sc="9" el="98" ec="9" bec="0" bev="0" fileid="4" />
                <SequencePoint vc="0" uspid="1011" ordinal="0" offset="88" sl="99" sc="5" el="99" ec="5" bec="0" bev="0" fileid="4" />
              </SequencePoints>
              <BranchPoints />
            </Method>
            <Method visited="true" cyclomaticComplexity="0" nPathComplexity="0" sequenceCoverage="60.00" branchCoverage="0" crapScore="0" isConstructor="false" isStatic="false" isGetter="false" isSetter="false">
              <Summary numSequencePoints="15" visitedSequencePoints="9" numBranchPoints="0" visitedBranchPoints="0" sequenceCoverage="60.00" branchCoverage="0" maxCyclomaticComplexity="0" minCyclomaticComplexity="0" maxCrapScore="0" minCrapScore="0" visitedClasses="0" numClasses="0" visitedMethods="1" numMethods="1" />
              <MetadataToken>100663341</MetadataToken>
              <Name>System.Void GameField::MoveDown()</Name>
              <FileRef uid="4" />
              <SequencePoints>
                <SequencePoint vc="4" uspid="1027" ordinal="0" offset="0" sl="121" sc="5" el="121" ec="5" bec="0" bev="0" fileid="4" />
                <SequencePoint vc="4" uspid="1028" ordinal="0" offset="1" sl="122" sc="9" el="122" ec="9" bec="0" bev="0" fileid="4" />
                <SequencePoint vc="4" uspid="1029" ordinal="0" offset="12" sl="123" sc="9" el="123" ec="9" bec="0" bev="0" fileid="4" />
                <SequencePoint vc="0" uspid="1030" ordinal="0" offset="30" sl="124" sc="9" el="124" ec="9" bec="0" bev="0" fileid="4" />
                <SequencePoint vc="0" uspid="1031" ordinal="0" offset="31" sl="125" sc="13" el="125" ec="13" bec="0" bev="0" fileid="4" />
                <SequencePoint vc="0" uspid="1032" ordinal="0" offset="49" sl="126" sc="13" el="126" ec="13" bec="0" bev="0" fileid="4" />
                <SequencePoint vc="4" uspid="1033" ordinal="0" offset="51" sl="128" sc="9" el="128" ec="9" bec="0" bev="0" fileid="4" />
                <SequencePoint vc="3" uspid="1034" ordinal="0" offset="65" sl="129" sc="9" el="129" ec="9" bec="0" bev="0" fileid="4" />
                <SequencePoint vc="0" uspid="1035" ordinal="0" offset="70" sl="130" sc="9" el="130" ec="9" bec="0" bev="0" fileid="4" />
                <SequencePoint vc="0" uspid="1036" ordinal="0" offset="71" sl="131" sc="13" el="131" ec="13" bec="0" bev="0" fileid="4" />
                <SequencePoint vc="0" uspid="1037" ordinal="0" offset="78" sl="132" sc="9" el="132" ec="9" bec="0" bev="0" fileid="4" />
                <SequencePoint vc="3" uspid="1038" ordinal="0" offset="81" sl="134" sc="9" el="134" ec="9" bec="0" bev="0" fileid="4" />
                <SequencePoint vc="3" uspid="1039" ordinal="0" offset="82" sl="135" sc="13" el="135" ec="13" bec="0" bev="0" fileid="4" />
                <SequencePoint vc="3" uspid="1040" ordinal="0" offset="89" sl="136" sc="9" el="136" ec="9" bec="0" bev="0" fileid="4" />
                <SequencePoint vc="3" uspid="1041" ordinal="0" offset="90" sl="137" sc="5" el="137" ec="5" bec="0" bev="0" fileid="4" />
              </SequencePoints>
              <BranchPoints />
            </Method>
            <Method visited="true" cyclomaticComplexity="0" nPathComplexity="0" sequenceCoverage="38.97" branchCoverage="0" crapScore="0" isConstructor="false" isStatic="false" isGetter="false" isSetter="false">
              <Summary numSequencePoints="195" visitedSequencePoints="76" numBranchPoints="0" visitedBranchPoints="0" sequenceCoverage="38.97" branchCoverage="0" maxCyclomaticComplexity="0" minCyclomaticComplexity="0" maxCrapScore="0" minCrapScore="0" visitedClasses="0" numClasses="0" visitedMethods="1" numMethods="1" />
              <MetadataToken>100663343</MetadataToken>
              <Name>System.Boolean GameField::MoveCells(UnityEngine.Vector2Int)</Name>
              <FileRef uid="4" />
              <SequencePoints>
                <SequencePoint vc="5" uspid="1046" ordinal="0" offset="0" sl="146" sc="5" el="146" ec="5" bec="0" bev="0" fileid="4" />
                <SequencePoint vc="5" uspid="1047" ordinal="0" offset="1" sl="147" sc="9" el="147" ec="9" bec="0" bev="0" fileid="4" />
                <SequencePoint vc="5" uspid="1048" ordinal="0" offset="3" sl="148" sc="9" el="148" ec="9" bec="0" bev="0" fileid="4" />
                <SequencePoint vc="5" uspid="1049" ordinal="0" offset="21" sl="149" sc="9" el="149" ec="9" bec="0" bev="0" fileid="4" />
                <SequencePoint vc="5" uspid="1050" ordinal="0" offset="39" sl="150" sc="9" el="150" ec="9" bec="0" bev="0" fileid="4" />
                <SequencePoint vc="5" uspid="1051" ordinal="0" offset="40" sl="150" sc="28" el="150" ec="28" bec="0" bev="0" fileid="4" />
                <SequencePoint vc="5" uspid="1052" ordinal="0" offset="55" sl="150" sc="18" el="150" ec="18" bec="0" bev="0" fileid="4" />
                <SequencePoint vc="5" uspid="1053" ordinal="0" offset="64" sl="150" sc="35" el="150" ec="35" bec="0" bev="0" fileid="4" />
                <SequencePoint vc="5" uspid="1054" ordinal="0" offset="65" sl="151" sc="13" el="151" ec="13" bec="0" bev="0" fileid="4" />
                <SequencePoint vc="5" uspid="1055" ordinal="0" offset="105" sl="152" sc="9" el="152" ec="9" bec="0" bev="0" fileid="4" />
                <SequencePoint vc="10" uspid="1056" ordinal="0" offset="106" sl="150" sc="25" el="150" ec="25" bec="0" bev="0" fileid="4" />
                <SequencePoint vc="5" uspid="1057" ordinal="0" offset="132" sl="153" sc="9" el="153" ec="9" bec="0" bev="0" fileid="4" />
                <SequencePoint vc="4" uspid="1058" ordinal="0" offset="154" sl="154" sc="9" el="154" ec="9" bec="0" bev="0" fileid="4" />
                <SequencePoint vc="4" uspid="1059" ordinal="0" offset="155" sl="155" sc="18" el="155" ec="18" bec="0" bev="0" fileid="4" />
                <SequencePoint vc="14" uspid="1060" ordinal="0" offset="163" sl="156" sc="13" el="156" ec="13" bec="0" bev="0" fileid="4" />
                <SequencePoint vc="14" uspid="1061" ordinal="0" offset="164" sl="157" sc="22" el="157" ec="22" bec="0" bev="0" fileid="4" />
                <SequencePoint vc="40" uspid="1062" ordinal="0" offset="179" sl="158" sc="17" el="158" ec="17" bec="0" bev="0" fileid="4" />
                <SequencePoint vc="40" uspid="1063" ordinal="0" offset="180" sl="159" sc="21" el="159" ec="21" bec="0" bev="0" fileid="4" />
                <SequencePoint vc="1" uspid="1064" ordinal="0" offset="202" sl="160" sc="21" el="160" ec="21" bec="0" bev="0" fileid="4" />
                <SequencePoint vc="1" uspid="1065" ordinal="0" offset="203" sl="161" sc="25" el="161" ec="25" bec="0" bev="0" fileid="4" />
                <SequencePoint vc="1" uspid="1066" ordinal="0" offset="212" sl="163" sc="25" el="163" ec="25" bec="0" bev="0" fileid="4" />
                <SequencePoint vc="1" uspid="1067" ordinal="0" offset="213" sl="164" sc="29" el="164" ec="29" bec="0" bev="0" fileid="4" />
                <SequencePoint vc="1" uspid="1068" ordinal="0" offset="234" sl="165" sc="29" el="165" ec="29" bec="0" bev="0" fileid="4" />
                <SequencePoint vc="1" uspid="1069" ordinal="0" offset="235" sl="166" sc="33" el="166" ec="33" bec="0" bev="0" fileid="4" />
                <SequencePoint vc="1" uspid="1070" ordinal="0" offset="257" sl="167" sc="33" el="167" ec="33" bec="0" bev="0" fileid="4" />
                <SequencePoint vc="1" uspid="1071" ordinal="0" offset="268" sl="168" sc="33" el="168" ec="33" bec="0" bev="0" fileid="4" />
                <SequencePoint vc="0" uspid="1072" ordinal="0" offset="297" sl="169" sc="33" el="169" ec="33" bec="0" bev="0" fileid="4" />
                <SequencePoint vc="0" uspid="1073" ordinal="0" offset="299" sl="170" sc="33" el="170" ec="33" bec="0" bev="0" fileid="4" />
                <SequencePoint vc="0" uspid="1074" ordinal="0" offset="305" sl="171" sc="29" el="171" ec="29" bec="0" bev="0" fileid="4" />
                <SequencePoint vc="0" uspid="1075" ordinal="0" offset="311" sl="172" sc="34" el="172" ec="34" bec="0" bev="0" fileid="4" />
                <SequencePoint vc="0" uspid="1076" ordinal="0" offset="369" sl="173" sc="29" el="173" ec="29" bec="0" bev="0" fileid="4" />
                <SequencePoint vc="0" uspid="1077" ordinal="0" offset="370" sl="174" sc="33" el="174" ec="33" bec="0" bev="0" fileid="4" />
                <SequencePoint vc="0" uspid="1078" ordinal="0" offset="400" sl="175" sc="33" el="175" ec="33" bec="0" bev="0" fileid="4" />
                <SequencePoint vc="0" uspid="1079" ordinal="0" offset="413" sl="176" sc="33" el="176" ec="33" bec="0" bev="0" fileid="4" />
                <SequencePoint vc="0" uspid="1080" ordinal="0" offset="425" sl="177" sc="33" el="177" ec="33" bec="0" bev="0" fileid="4" />
                <SequencePoint vc="0" uspid="1081" ordinal="0" offset="436" sl="177" sc="54" el="177" ec="54" bec="0" bev="0" fileid="4" />
                <SequencePoint vc="0" uspid="1082" ordinal="0" offset="437" sl="178" sc="37" el="178" ec="37" bec="0" bev="0" fileid="4" />
                <SequencePoint vc="0" uspid="1083" ordinal="0" offset="446" sl="179" sc="33" el="179" ec="33" bec="0" bev="0" fileid="4" />
                <SequencePoint vc="0" uspid="1084" ordinal="0" offset="447" sl="180" sc="33" el="180" ec="33" bec="0" bev="0" fileid="4" />
                <SequencePoint vc="0" uspid="1085" ordinal="0" offset="458" sl="181" sc="33" el="181" ec="33" bec="0" bev="0" fileid="4" />
                <SequencePoint vc="0" uspid="1086" ordinal="0" offset="460" sl="182" sc="33" el="182" ec="33" bec="0" bev="0" fileid="4" />
                <SequencePoint vc="0" uspid="1087" ordinal="0" offset="462" sl="185" sc="29" el="185" ec="29" bec="0" bev="0" fileid="4" />
                <SequencePoint vc="0" uspid="1088" ordinal="0" offset="463" sl="186" sc="33" el="186" ec="33" bec="0" bev="0" fileid="4" />
                <SequencePoint vc="0" uspid="1089" ordinal="0" offset="465" sl="188" sc="25" el="188" ec="25" bec="0" bev="0" fileid="4" />
                <SequencePoint vc="1" uspid="1090" ordinal="0" offset="466" sl="162" sc="25" el="162" ec="25" bec="0" bev="0" fileid="4" />
                <SequencePoint vc="0" uspid="1091" ordinal="0" offset="487" sl="189" sc="21" el="189" ec="21" bec="0" bev="0" fileid="4" />
                <SequencePoint vc="39" uspid="1092" ordinal="0" offset="488" sl="190" sc="17" el="190" ec="17" bec="0" bev="0" fileid="4" />
                <SequencePoint vc="39" uspid="1093" ordinal="0" offset="489" sl="157" sc="50" el="157" ec="50" bec="0" bev="0" fileid="4" />
                <SequencePoint vc="53" uspid="1094" ordinal="0" offset="495" sl="157" sc="42" el="157" ec="42" bec="0" bev="0" fileid="4" />
                <SequencePoint vc="13" uspid="1095" ordinal="0" offset="512" sl="191" sc="13" el="191" ec="13" bec="0" bev="0" fileid="4" />
                <SequencePoint vc="13" uspid="1096" ordinal="0" offset="513" sl="155" sc="40" el="155" ec="40" bec="0" bev="0" fileid="4" />
                <SequencePoint vc="17" uspid="1097" ordinal="0" offset="519" sl="155" sc="29" el="155" ec="29" bec="0" bev="0" fileid="4" />
                <SequencePoint vc="3" uspid="1098" ordinal="0" offset="538" sl="192" sc="9" el="192" ec="9" bec="0" bev="0" fileid="4" />
                <SequencePoint vc="1" uspid="1099" ordinal="0" offset="544" sl="193" sc="14" el="193" ec="14" bec="0" bev="0" fileid="4" />
                <SequencePoint vc="0" uspid="1100" ordinal="0" offset="566" sl="194" sc="9" el="194" ec="9" bec="0" bev="0" fileid="4" />
                <SequencePoint vc="0" uspid="1101" ordinal="0" offset="567" sl="195" sc="18" el="195" ec="18" bec="0" bev="0" fileid="4" />
                <SequencePoint vc="0" uspid="1102" ordinal="0" offset="575" sl="196" sc="13" el="196" ec="13" bec="0" bev="0" fileid="4" />
                <SequencePoint vc="0" uspid="1103" ordinal="0" offset="576" sl="197" sc="22" el="197" ec="22" bec="0" bev="0" fileid="4" />
                <SequencePoint vc="0" uspid="1104" ordinal="0" offset="584" sl="198" sc="17" el="198" ec="17" bec="0" bev="0" fileid="4" />
                <SequencePoint vc="0" uspid="1105" ordinal="0" offset="585" sl="199" sc="21" el="199" ec="21" bec="0" bev="0" fileid="4" />
                <SequencePoint vc="0" uspid="1106" ordinal="0" offset="607" sl="200" sc="21" el="200" ec="21" bec="0" bev="0" fileid="4" />
                <SequencePoint vc="0" uspid="1107" ordinal="0" offset="608" sl="201" sc="25" el="201" ec="25" bec="0" bev="0" fileid="4" />
                <SequencePoint vc="0" uspid="1108" ordinal="0" offset="617" sl="203" sc="25" el="203" ec="25" bec="0" bev="0" fileid="4" />
                <SequencePoint vc="0" uspid="1109" ordinal="0" offset="618" sl="204" sc="29" el="204" ec="29" bec="0" bev="0" fileid="4" />
                <SequencePoint vc="0" uspid="1110" ordinal="0" offset="639" sl="205" sc="29" el="205" ec="29" bec="0" bev="0" fileid="4" />
                <SequencePoint vc="0" uspid="1111" ordinal="0" offset="640" sl="206" sc="33" el="206" ec="33" bec="0" bev="0" fileid="4" />
                <SequencePoint vc="0" uspid="1112" ordinal="0" offset="662" sl="207" sc="33" el="207" ec="33" bec="0" bev="0" fileid="4" />
                <SequencePoint vc="0" uspid="1113" ordinal="0" offset="673" sl="208" sc="33" el="208" ec="33" bec="0" bev="0" fileid="4" />
                <SequencePoint vc="0" uspid="1114" ordinal="0" offset="702" sl="209" sc="33" el="209" ec="33" bec="0" bev="0" fileid="4" />
                <SequencePoint vc="0" uspid="1115" ordinal="0" offset="704" sl="210" sc="33" el="210" ec="33" bec="0" bev="0" fileid="4" />
                <SequencePoint vc="0" uspid="1116" ordinal="0" offset="710" sl="211" sc="29" el="211" ec="29" bec="0" bev="0" fileid="4" />
                <SequencePoint vc="0" uspid="1117" ordinal="0" offset="716" sl="212" sc="34" el="212" ec="34" bec="0" bev="0" fileid="4" />
                <SequencePoint vc="0" uspid="1118" ordinal="0" offset="774" sl="213" sc="29" el="213" ec="29" bec="0" bev="0" fileid="4" />
                <SequencePoint vc="0" uspid="1119" ordinal="0" offset="775" sl="214" sc="33" el="214" ec="33" bec="0" bev="0" fileid="4" />
                <SequencePoint vc="0" uspid="1120" ordinal="0" offset="805" sl="215" sc="33" el="215" ec="33" bec="0" bev="0" fileid="4" />
                <SequencePoint vc="0" uspid="1121" ordinal="0" offset="818" sl="216" sc="33" el="216" ec="33" bec="0" bev="0" fileid="4" />
                <SequencePoint vc="0" uspid="1122" ordinal="0" offset="830" sl="217" sc="33" el="217" ec="33" bec="0" bev="0" fileid="4" />
                <SequencePoint vc="0" uspid="1123" ordinal="0" offset="841" sl="217" sc="54" el="217" ec="54" bec="0" bev="0" fileid="4" />
                <SequencePoint vc="0" uspid="1124" ordinal="0" offset="842" sl="218" sc="37" el="218" ec="37" bec="0" bev="0" fileid="4" />
                <SequencePoint vc="0" uspid="1125" ordinal="0" offset="851" sl="219" sc="33" el="219" ec="33" bec="0" bev="0" fileid="4" />
                <SequencePoint vc="0" uspid="1126" ordinal="0" offset="852" sl="220" sc="33" el="220" ec="33" bec="0" bev="0" fileid="4" />
                <SequencePoint vc="0" uspid="1127" ordinal="0" offset="863" sl="221" sc="33" el="221" ec="33" bec="0" bev="0" fileid="4" />
                <SequencePoint vc="0" uspid="1128" ordinal="0" offset="865" sl="222" sc="33" el="222" ec="33" bec="0" bev="0" fileid="4" />
                <SequencePoint vc="0" uspid="1129" ordinal="0" offset="867" sl="225" sc="29" el="225" ec="29" bec="0" bev="0" fileid="4" />
                <SequencePoint vc="0" uspid="1130" ordinal="0" offset="868" sl="226" sc="33" el="226" ec="33" bec="0" bev="0" fileid="4" />
                <SequencePoint vc="0" uspid="1131" ordinal="0" offset="870" sl="228" sc="25" el="228" ec="25" bec="0" bev="0" fileid="4" />
                <SequencePoint vc="0" uspid="1132" ordinal="0" offset="871" sl="202" sc="25" el="202" ec="25" bec="0" bev="0" fileid="4" />
                <SequencePoint vc="0" uspid="1133" ordinal="0" offset="885" sl="229" sc="21" el="229" ec="21" bec="0" bev="0" fileid="4" />
                <SequencePoint vc="0" uspid="1134" ordinal="0" offset="886" sl="230" sc="17" el="230" ec="17" bec="0" bev="0" fileid="4" />
                <SequencePoint vc="0" uspid="1135" ordinal="0" offset="887" sl="197" sc="45" el="197" ec="45" bec="0" bev="0" fileid="4" />
                <SequencePoint vc="0" uspid="1136" ordinal="0" offset="893" sl="197" sc="33" el="197" ec="33" bec="0" bev="0" fileid="4" />
                <SequencePoint vc="0" uspid="1137" ordinal="0" offset="912" sl="231" sc="13" el="231" ec="13" bec="0" bev="0" fileid="4" />
                <SequencePoint vc="0" uspid="1138" ordinal="0" offset="913" sl="195" sc="40" el="195" ec="40" bec="0" bev="0" fileid="4" />
                <SequencePoint vc="0" uspid="1139" ordinal="0" offset="919" sl="195" sc="29" el="195" ec="29" bec="0" bev="0" fileid="4" />
                <SequencePoint vc="0" uspid="1140" ordinal="0" offset="938" sl="232" sc="9" el="232" ec="9" bec="0" bev="0" fileid="4" />
                <SequencePoint vc="1" uspid="1141" ordinal="0" offset="944" sl="233" sc="14" el="233" ec="14" bec="0" bev="0" fileid="4" />
                <SequencePoint vc="0" uspid="1142" ordinal="0" offset="964" sl="234" sc="9" el="234" ec="9" bec="0" bev="0" fileid="4" />
                <SequencePoint vc="0" uspid="1143" ordinal="0" offset="965" sl="235" sc="18" el="235" ec="18" bec="0" bev="0" fileid="4" />
                <SequencePoint vc="0" uspid="1144" ordinal="0" offset="973" sl="236" sc="13" el="236" ec="13" bec="0" bev="0" fileid="4" />
                <SequencePoint vc="0" uspid="1145" ordinal="0" offset="974" sl="237" sc="22" el="237" ec="22" bec="0" bev="0" fileid="4" />
                <SequencePoint vc="0" uspid="1146" ordinal="0" offset="982" sl="238" sc="17" el="238" ec="17" bec="0" bev="0" fileid="4" />
                <SequencePoint vc="0" uspid="1147" ordinal="0" offset="983" sl="239" sc="21" el="239" ec="21" bec="0" bev="0" fileid="4" />
                <SequencePoint vc="0" uspid="1148" ordinal="0" offset="1005" sl="240" sc="21" el="240" ec="21" bec="0" bev="0" fileid="4" />
                <SequencePoint vc="0" uspid="1149" ordinal="0" offset="1006" sl="241" sc="25" el="241" ec="25" bec="0" bev="0" fileid="4" />
                <SequencePoint vc="0" uspid="1150" ordinal="0" offset="1015" sl="243" sc="25" el="243" ec="25" bec="0" bev="0" fileid="4" />
                <SequencePoint vc="0" uspid="1151" ordinal="0" offset="1016" sl="244" sc="29" el="244" ec="29" bec="0" bev="0" fileid="4" />
                <SequencePoint vc="0" uspid="1152" ordinal="0" offset="1037" sl="245" sc="29" el="245" ec="29" bec="0" bev="0" fileid="4" />
                <SequencePoint vc="0" uspid="1153" ordinal="0" offset="1038" sl="246" sc="33" el="246" ec="33" bec="0" bev="0" fileid="4" />
                <SequencePoint vc="0" uspid="1154" ordinal="0" offset="1060" sl="247" sc="33" el="247" ec="33" bec="0" bev="0" fileid="4" />
                <SequencePoint vc="0" uspid="1155" ordinal="0" offset="1071" sl="248" sc="33" el="248" ec="33" bec="0" bev="0" fileid="4" />
                <SequencePoint vc="0" uspid="1156" ordinal="0" offset="1100" sl="249" sc="33" el="249" ec="33" bec="0" bev="0" fileid="4" />
                <SequencePoint vc="0" uspid="1157" ordinal="0" offset="1102" sl="250" sc="33" el="250" ec="33" bec="0" bev="0" fileid="4" />
                <SequencePoint vc="0" uspid="1158" ordinal="0" offset="1108" sl="251" sc="29" el="251" ec="29" bec="0" bev="0" fileid="4" />
                <SequencePoint vc="0" uspid="1159" ordinal="0" offset="1114" sl="252" sc="34" el="252" ec="34" bec="0" bev="0" fileid="4" />
                <SequencePoint vc="0" uspid="1160" ordinal="0" offset="1172" sl="253" sc="29" el="253" ec="29" bec="0" bev="0" fileid="4" />
                <SequencePoint vc="0" uspid="1161" ordinal="0" offset="1173" sl="254" sc="33" el="254" ec="33" bec="0" bev="0" fileid="4" />
                <SequencePoint vc="0" uspid="1162" ordinal="0" offset="1203" sl="255" sc="33" el="255" ec="33" bec="0" bev="0" fileid="4" />
                <SequencePoint vc="0" uspid="1163" ordinal="0" offset="1216" sl="256" sc="33" el="256" ec="33" bec="0" bev="0" fileid="4" />
                <SequencePoint vc="0" uspid="1164" ordinal="0" offset="1228" sl="257" sc="33" el="257" ec="33" bec="0" bev="0" fileid="4" />
                <SequencePoint vc="0" uspid="1165" ordinal="0" offset="1239" sl="257" sc="54" el="257" ec="54" bec="0" bev="0" fileid="4" />
                <SequencePoint vc="0" uspid="1166" ordinal="0" offset="1240" sl="258" sc="37" el="258" ec="37" bec="0" bev="0" fileid="4" />
                <SequencePoint vc="0" uspid="1167" ordinal="0" offset="1249" sl="259" sc="33" el="259" ec="33" bec="0" bev="0" fileid="4" />
                <SequencePoint vc="0" uspid="1168" ordinal="0" offset="1250" sl="260" sc="33" el="260" ec="33" bec="0" bev="0" fileid="4" />
                <SequencePoint vc="0" uspid="1169" ordinal="0" offset="1261" sl="261" sc="33" el="261" ec="33" bec="0" bev="0" fileid="4" />
                <SequencePoint vc="0" uspid="1170" ordinal="0" offset="1263" sl="262" sc="33" el="262" ec="33" bec="0" bev="0" fileid="4" />
                <SequencePoint vc="0" uspid="1171" ordinal="0" offset="1265" sl="264" sc="34" el="264" ec="34" bec="0" bev="0" fileid="4" />
                <SequencePoint vc="0" uspid="1172" ordinal="0" offset="1266" sl="265" sc="33" el="265" ec="33" bec="0" bev="0" fileid="4" />
                <SequencePoint vc="0" uspid="1173" ordinal="0" offset="1268" sl="267" sc="25" el="267" ec="25" bec="0" bev="0" fileid="4" />
                <SequencePoint vc="0" uspid="1174" ordinal="0" offset="1269" sl="242" sc="25" el="242" ec="25" bec="0" bev="0" fileid="4" />
                <SequencePoint vc="0" uspid="1175" ordinal="0" offset="1283" sl="268" sc="21" el="268" ec="21" bec="0" bev="0" fileid="4" />
                <SequencePoint vc="0" uspid="1176" ordinal="0" offset="1284" sl="269" sc="17" el="269" ec="17" bec="0" bev="0" fileid="4" />
                <SequencePoint vc="0" uspid="1177" ordinal="0" offset="1285" sl="237" sc="44" el="237" ec="44" bec="0" bev="0" fileid="4" />
                <SequencePoint vc="0" uspid="1178" ordinal="0" offset="1291" sl="237" sc="33" el="237" ec="33" bec="0" bev="0" fileid="4" />
                <SequencePoint vc="0" uspid="1179" ordinal="0" offset="1310" sl="270" sc="13" el="270" ec="13" bec="0" bev="0" fileid="4" />
                <SequencePoint vc="0" uspid="1180" ordinal="0" offset="1311" sl="235" sc="41" el="235" ec="41" bec="0" bev="0" fileid="4" />
                <SequencePoint vc="0" uspid="1181" ordinal="0" offset="1317" sl="235" sc="29" el="235" ec="29" bec="0" bev="0" fileid="4" />
                <SequencePoint vc="0" uspid="1182" ordinal="0" offset="1336" sl="271" sc="9" el="271" ec="9" bec="0" bev="0" fileid="4" />
                <SequencePoint vc="1" uspid="1183" ordinal="0" offset="1342" sl="272" sc="14" el="272" ec="14" bec="0" bev="0" fileid="4" />
                <SequencePoint vc="1" uspid="1184" ordinal="0" offset="1362" sl="273" sc="9" el="273" ec="9" bec="0" bev="0" fileid="4" />
                <SequencePoint vc="1" uspid="1185" ordinal="0" offset="1363" sl="274" sc="18" el="274" ec="18" bec="0" bev="0" fileid="4" />
                <SequencePoint vc="3" uspid="1186" ordinal="0" offset="1371" sl="275" sc="13" el="275" ec="13" bec="0" bev="0" fileid="4" />
                <SequencePoint vc="3" uspid="1187" ordinal="0" offset="1372" sl="276" sc="22" el="276" ec="22" bec="0" bev="0" fileid="4" />
                <SequencePoint vc="9" uspid="1188" ordinal="0" offset="1387" sl="277" sc="17" el="277" ec="17" bec="0" bev="0" fileid="4" />
                <SequencePoint vc="9" uspid="1189" ordinal="0" offset="1388" sl="278" sc="21" el="278" ec="21" bec="0" bev="0" fileid="4" />
                <SequencePoint vc="1" uspid="1190" ordinal="0" offset="1410" sl="279" sc="21" el="279" ec="21" bec="0" bev="0" fileid="4" />
                <SequencePoint vc="1" uspid="1191" ordinal="0" offset="1411" sl="280" sc="25" el="280" ec="25" bec="0" bev="0" fileid="4" />
                <SequencePoint vc="1" uspid="1192" ordinal="0" offset="1420" sl="282" sc="25" el="282" ec="25" bec="0" bev="0" fileid="4" />
                <SequencePoint vc="1" uspid="1193" ordinal="0" offset="1421" sl="283" sc="29" el="283" ec="29" bec="0" bev="0" fileid="4" />
                <SequencePoint vc="1" uspid="1194" ordinal="0" offset="1442" sl="284" sc="29" el="284" ec="29" bec="0" bev="0" fileid="4" />
                <SequencePoint vc="1" uspid="1195" ordinal="0" offset="1443" sl="285" sc="33" el="285" ec="33" bec="0" bev="0" fileid="4" />
                <SequencePoint vc="1" uspid="1196" ordinal="0" offset="1465" sl="286" sc="33" el="286" ec="33" bec="0" bev="0" fileid="4" />
                <SequencePoint vc="1" uspid="1197" ordinal="0" offset="1476" sl="287" sc="33" el="287" ec="33" bec="0" bev="0" fileid="4" />
                <SequencePoint vc="0" uspid="1198" ordinal="0" offset="1505" sl="288" sc="33" el="288" ec="33" bec="0" bev="0" fileid="4" />
                <SequencePoint vc="0" uspid="1199" ordinal="0" offset="1507" sl="289" sc="33" el="289" ec="33" bec="0" bev="0" fileid="4" />
                <SequencePoint vc="0" uspid="1200" ordinal="0" offset="1513" sl="290" sc="29" el="290" ec="29" bec="0" bev="0" fileid="4" />
                <SequencePoint vc="0" uspid="1201" ordinal="0" offset="1519" sl="291" sc="34" el="291" ec="34" bec="0" bev="0" fileid="4" />
                <SequencePoint vc="0" uspid="1202" ordinal="0" offset="1577" sl="292" sc="29" el="292" ec="29" bec="0" bev="0" fileid="4" />
                <SequencePoint vc="0" uspid="1203" ordinal="0" offset="1578" sl="293" sc="33" el="293" ec="33" bec="0" bev="0" fileid="4" />
                <SequencePoint vc="0" uspid="1204" ordinal="0" offset="1608" sl="294" sc="33" el="294" ec="33" bec="0" bev="0" fileid="4" />
                <SequencePoint vc="0" uspid="1205" ordinal="0" offset="1621" sl="296" sc="33" el="296" ec="33" bec="0" bev="0" fileid="4" />
[...]
              <MetadataToken>100663365</MetadataToken>
              <Name>SaveData::SaveData()</Name>
              <FileRef uid="6" />
              <SequencePoints>
                <SequencePoint vc="1" uspid="1595" ordinal="0" offset="0" sl="9" sc="5" el="9" ec="5" bec="0" bev="0" fileid="6" />
              </SequencePoints>
              <BranchPoints />
            </Method>
          </Methods>
        </Class>
        <Class>
          <Summary numSequencePoints="57" visitedSequencePoints="54" numBranchPoints="0" visitedBranchPoints="0" sequenceCoverage="94.74" branchCoverage="0.0" maxCyclomaticComplexity="0" minCyclomaticComplexity="0" maxCrapScore="0" minCrapScore="0" visitedClasses="1" numClasses="1" visitedMethods="13" numMethods="13" />
          <FullName>GameInputActions/PlayerActions</FullName>
          <Methods>
            <Method visited="true" cyclomaticComplexity="0" nPathComplexity="0" sequenceCoverage="100.0" branchCoverage="0" crapScore="0" isConstructor="false" isStatic="false" isGetter="true" isSetter="false">
              <Summary numSequencePoints="1" visitedSequencePoints="1" numBranchPoints="0" visitedBranchPoints="0" sequenceCoverage="100.0" branchCoverage="0" maxCyclomaticComplexity="0" minCyclomaticComplexity="0" maxCrapScore="0" minCrapScore="0" visitedClasses="0" numClasses="0" visitedMethods="1" numMethods="1" />
              <MetadataToken>100663370</MetadataToken>
              <Name>UnityEngine.InputSystem.InputAction GameInputActions/PlayerActions::get_Move()</Name>
              <FileRef uid="1" />
              <SequencePoints>
                <SequencePoint vc="11" uspid="1596" ordinal="0" offset="0" sl="286" sc="37" el="286" ec="37" bec="0" bev="0" fileid="1" />
              </SequencePoints>
              <BranchPoints />
            </Method>
            <Method visited="true" cyclomaticComplexity="0" nPathComplexity="0" sequenceCoverage="100.0" branchCoverage="0" crapScore="0" isConstructor="false" isStatic="false" isGetter="true" isSetter="false">
              <Summary numSequencePoints="1" visitedSequencePoints="1" numBranchPoints="0" visitedBranchPoints="0" sequenceCoverage="100.0" branchCoverage="0" maxCyclomaticComplexity="0" minCyclomaticComplexity="0" maxCrapScore="0" minCrapScore="0" visitedClasses="0" numClasses="0" visitedMethods="1" numMethods="1" />
              <MetadataToken>100663371</MetadataToken>
              <Name>UnityEngine.InputSystem.InputAction GameInputActions/PlayerActions::get_SwipeMouse()</Name>
              <FileRef uid="1" />
              <SequencePoints>
                <SequencePoint vc="10" uspid="1597" ordinal="0" offset="0" sl="287" sc="43" el="287" ec="43" bec="0" bev="0" fileid="1" />
              </SequencePoints>
              <BranchPoints />
            </Method>
            <Method visited="true" cyclomaticComplexity="0" nPathComplexity="0" sequenceCoverage="100.0" branchCoverage="0" crapScore="0" isConstructor="false" isStatic="false" isGetter="true" isSetter="false">
              <Summary numSequencePoints="1" visitedSequencePoints="1" numBranchPoints="0" visitedBranchPoints="0" sequenceCoverage="100.0" branchCoverage="0" maxCyclomaticComplexity="0" minCyclomaticComplexity="0" maxCrapScore="0" minCrapScore="0" visitedClasses="0" numClasses="0" visitedMethods="1" numMethods="1" />
              <MetadataToken>100663372</MetadataToken>
              <Name>UnityEngine.InputSystem.InputAction GameInputActions/PlayerActions::get_SwipeTouch()</Name>
              <FileRef uid="1" />
              <SequencePoints>
                <SequencePoint vc="10" uspid="1598" ordinal="0" offset="0" sl="288" sc="43" el="288" ec="43" bec="0" bev="0" fileid="1" />
              </SequencePoints>
              <BranchPoints />
            </Method>
            <Method visited="true" cyclomaticComplexity="0" nPathComplexity="0" sequenceCoverage="100.0" branchCoverage="0" crapScore="0" isConstructor="false" isStatic="false" isGetter="false" isSetter="false">
              <Summary numSequencePoints="3" visitedSequencePoints="3" numBranchPoints="0" visitedBranchPoints="0" sequenceCoverage="100.0" branchCoverage="0" maxCyclomaticComplexity="0" minCyclomaticComplexity="0" maxCrapScore="0" minCrapScore="0" visitedClasses="0" numClasses="0" visitedMethods="1" numMethods="1" />
              <MetadataToken>100663373</MetadataToken>
              <Name>UnityEngine.InputSystem.InputActionMap GameInputActions/PlayerActions::Get()</Name>
              <FileRef uid="1" />
              <SequencePoints>
                <SequencePoint vc="6" uspid="1599" ordinal="0" offset="0" sl="289" sc="37" el="289" ec="37" bec="0" bev="0" fileid="1" />
                <SequencePoint vc="6" uspid="1600" ordinal="0" offset="1" sl="289" sc="39" el="289" ec="39" bec="0" bev="0" fileid="1" />
                <SequencePoint vc="6" uspid="1601" ordinal="0" offset="15" sl="289" sc="66" el="289" ec="66" bec="0" bev="0" fileid="1" />
              </SequencePoints>
              <BranchPoints />
            </Method>
            <Method visited="true" cyclomaticComplexity="0" nPathComplexity="0" sequenceCoverage="100.0" branchCoverage="0" crapScore="0" isConstructor="false" isStatic="false" isGetter="false" isSetter="false">
              <Summary numSequencePoints="3" visitedSequencePoints="3" numBranchPoints="0" visitedBranchPoints="0" sequenceCoverage="100.0" branchCoverage="0" maxCyclomaticComplexity="0" minCyclomaticComplexity="0" maxCrapScore="0" minCrapScore="0" visitedClasses="0" numClasses="0" visitedMethods="1" numMethods="1" />
              <MetadataToken>100663374</MetadataToken>
              <Name>System.Void GameInputActions/PlayerActions::Enable()</Name>
              <FileRef uid="1" />
              <SequencePoints>
                <SequencePoint vc="1" uspid="1602" ordinal="0" offset="0" sl="290" sc="30" el="290" ec="30" bec="0" bev="0" fileid="1" />
                <SequencePoint vc="1" uspid="1603" ordinal="0" offset="1" sl="290" sc="32" el="290" ec="32" bec="0" bev="0" fileid="1" />
                <SequencePoint vc="1" uspid="1604" ordinal="0" offset="13" sl="290" sc="48" el="290" ec="48" bec="0" bev="0" fileid="1" />
              </SequencePoints>
              <BranchPoints />
            </Method>
            <Method visited="true" cyclomaticComplexity="0" nPathComplexity="0" sequenceCoverage="100.0" branchCoverage="0" crapScore="0" isConstructor="false" isStatic="false" isGetter="false" isSetter="false">
              <Summary numSequencePoints="3" visitedSequencePoints="3" numBranchPoints="0" visitedBranchPoints="0" sequenceCoverage="100.0" branchCoverage="0" maxCyclomaticComplexity="0" minCyclomaticComplexity="0" maxCrapScore="0" minCrapScore="0" visitedClasses="0" numClasses="0" visitedMethods="1" numMethods="1" />
              <MetadataToken>100663375</MetadataToken>
              <Name>System.Void GameInputActions/PlayerActions::Disable()</Name>
              <FileRef uid="1" />
              <SequencePoints>
                <SequencePoint vc="1" uspid="1605" ordinal="0" offset="0" sl="291" sc="31" el="291" ec="31" bec="0" bev="0" fileid="1" />
                <SequencePoint vc="1" uspid="1606" ordinal="0" offset="1" sl="291" sc="33" el="291" ec="33" bec="0" bev="0" fileid="1" />
                <SequencePoint vc="1" uspid="1607" ordinal="0" offset="13" sl="291" sc="50" el="291" ec="50" bec="0" bev="0" fileid="1" />
              </SequencePoints>
              <BranchPoints />
            </Method>
            <Method visited="true" cyclomaticComplexity="0" nPathComplexity="0" sequenceCoverage="100.0" branchCoverage="0" crapScore="0" isConstructor="false" isStatic="false" isGetter="true" isSetter="false">
              <Summary numSequencePoints="1" visitedSequencePoints="1" numBranchPoints="0" visitedBranchPoints="0" sequenceCoverage="100.0" branchCoverage="0" maxCyclomaticComplexity="0" minCyclomaticComplexity="0" maxCrapScore="0" minCrapScore="0" visitedClasses="0" numClasses="0" visitedMethods="1" numMethods="1" />
              <MetadataToken>100663376</MetadataToken>
              <Name>System.Boolean GameInputActions/PlayerActions::get_enabled()</Name>
              <FileRef uid="1" />
              <SequencePoints>
                <SequencePoint vc="3" uspid="1608" ordinal="0" offset="0" sl="292" sc="32" el="292" ec="32" bec="0" bev="0" fileid="1" />
              </SequencePoints>
              <BranchPoints />
            </Method>
            <Method visited="true" cyclomaticComplexity="0" nPathComplexity="0" sequenceCoverage="100.0" branchCoverage="0" crapScore="0" isConstructor="false" isStatic="true" isGetter="false" isSetter="false">
              <Summary numSequencePoints="3" visitedSequencePoints="3" numBranchPoints="0" visitedBranchPoints="0" sequenceCoverage="100.0" branchCoverage="0" maxCyclomaticComplexity="0" minCyclomaticComplexity="0" maxCrapScore="0" minCrapScore="0" visitedClasses="0" numClasses="0" visitedMethods="1" numMethods="1" />
              <MetadataToken>100663377</MetadataToken>
              <Name>static UnityEngine.InputSystem.InputActionMap GameInputActions/PlayerActions::implicit operator UnityEngine.InputSystem.InputActionMap(GameInputActions/PlayerActions)</Name>
              <FileRef uid="1" />
              <SequencePoints>
                <SequencePoint vc="1" uspid="1609" ordinal="0" offset="0" sl="293" sc="75" el="293" ec="75" bec="0" bev="0" fileid="1" />
                <SequencePoint vc="1" uspid="1610" ordinal="0" offset="1" sl="293" sc="77" el="293" ec="77" bec="0" bev="0" fileid="1" />
                <SequencePoint vc="1" uspid="1611" ordinal="0" offset="11" sl="293" sc="95" el="293" ec="95" bec="0" bev="0" fileid="1" />
              </SequencePoints>
              <BranchPoints />
            </Method>
            <Method visited="true" cyclomaticComplexity="0" nPathComplexity="0" sequenceCoverage="92.86" branchCoverage="0" crapScore="0" isConstructor="false" isStatic="false" isGetter="false" isSetter="false">
              <Summary numSequencePoints="14" visitedSequencePoints="13" numBranchPoints="0" visitedBranchPoints="0" sequenceCoverage="92.86" branchCoverage="0" maxCyclomaticComplexity="0" minCyclomaticComplexity="0" maxCrapScore="0" minCrapScore="0" visitedClasses="0" numClasses="0" visitedMethods="1" numMethods="1" />
              <MetadataToken>100663378</MetadataToken>
              <Name>System.Void GameInputActions/PlayerActions::AddCallbacks(GameInputActions/IPlayerActions)</Name>
              <FileRef uid="1" />
              <SequencePoints>
                <SequencePoint vc="2" uspid="1612" ordinal="0" offset="0" sl="295" sc="9" el="295" ec="9" bec="0" bev="0" fileid="1" />
                <SequencePoint vc="2" uspid="1613" ordinal="0" offset="1" sl="296" sc="13" el="296" ec="13" bec="0" bev="0" fileid="1" />
                <SequencePoint vc="0" uspid="1614" ordinal="0" offset="28" sl="296" sc="101" el="296" ec="101" bec="0" bev="0" fileid="1" />
                <SequencePoint vc="2" uspid="1615" ordinal="0" offset="33" sl="297" sc="13" el="297" ec="13" bec="0" bev="0" fileid="1" />
                <SequencePoint vc="2" uspid="1616" ordinal="0" offset="51" sl="298" sc="13" el="298" ec="13" bec="0" bev="0" fileid="1" />
                <SequencePoint vc="2" uspid="1617" ordinal="0" offset="76" sl="299" sc="13" el="299" ec="13" bec="0" bev="0" fileid="1" />
                <SequencePoint vc="2" uspid="1618" ordinal="0" offset="101" sl="300" sc="13" el="300" ec="13" bec="0" bev="0" fileid="1" />
                <SequencePoint vc="2" uspid="1619" ordinal="0" offset="126" sl="301" sc="13" el="301" ec="13" bec="0" bev="0" fileid="1" />
                <SequencePoint vc="2" uspid="1620" ordinal="0" offset="151" sl="302" sc="13" el="302" ec="13" bec="0" bev="0" fileid="1" />
                <SequencePoint vc="2" uspid="1621" ordinal="0" offset="176" sl="303" sc="13" el="303" ec="13" bec="0" bev="0" fileid="1" />
                <SequencePoint vc="2" uspid="1622" ordinal="0" offset="201" sl="304" sc="13" el="304" ec="13" bec="0" bev="0" fileid="1" />
                <SequencePoint vc="2" uspid="1623" ordinal="0" offset="226" sl="305" sc="13" el="305" ec="13" bec="0" bev="0" fileid="1" />
                <SequencePoint vc="2" uspid="1624" ordinal="0" offset="251" sl="306" sc="13" el="306" ec="13" bec="0" bev="0" fileid="1" />
                <SequencePoint vc="2" uspid="1625" ordinal="0" offset="276" sl="307" sc="9" el="307" ec="9" bec="0" bev="0" fileid="1" />
              </SequencePoints>
              <BranchPoints />
            </Method>
            <Method visited="true" cyclomaticComplexity="0" nPathComplexity="0" sequenceCoverage="100.0" branchCoverage="0" crapScore="0" isConstructor="false" isStatic="false" isGetter="false" isSetter="false">
              <Summary numSequencePoints="11" visitedSequencePoints="11" numBranchPoints="0" visitedBranchPoints="0" sequenceCoverage="100.0" branchCoverage="0" maxCyclomaticComplexity="0" minCyclomaticComplexity="0" maxCrapScore="0" minCrapScore="0" visitedClasses="0" numClasses="0" visitedMethods="1" numMethods="1" />
              <MetadataToken>100663379</MetadataToken>
              <Name>System.Void GameInputActions/PlayerActions::UnregisterCallbacks(GameInputActions/IPlayerActions)</Name>
              <FileRef uid="1" />
              <SequencePoints>
                <SequencePoint vc="1" uspid="1626" ordinal="0" offset="0" sl="310" sc="9" el="310" ec="9" bec="0" bev="0" fileid="1" />
                <SequencePoint vc="1" uspid="1627" ordinal="0" offset="1" sl="311" sc="13" el="311" ec="13" bec="0" bev="0" fileid="1" />
                <SequencePoint vc="1" uspid="1628" ordinal="0" offset="26" sl="312" sc="13" el="312" ec="13" bec="0" bev="0" fileid="1" />
                <SequencePoint vc="1" uspid="1629" ordinal="0" offset="51" sl="313" sc="13" el="313" ec="13" bec="0" bev="0" fileid="1" />
                <SequencePoint vc="1" uspid="1630" ordinal="0" offset="76" sl="314" sc="13" el="314" ec="13" bec="0" bev="0" fileid="1" />
                <SequencePoint vc="1" uspid="1631" ordinal="0" offset="101" sl="315" sc="13" el="315" ec="13" bec="0" bev="0" fileid="1" />
                <SequencePoint vc="1" uspid="1632" ordinal="0" offset="126" sl="316" sc="13" el="316" ec="13" bec="0" bev="0" fileid="1" />
                <SequencePoint vc="1" uspid="1633" ordinal="0" offset="151" sl="317" sc="13" el="317" ec="13" bec="0" bev="0" fileid="1" />
                <SequencePoint vc="1" uspid="1634" ordinal="0" offset="176" sl="318" sc="13" el="318" ec="13" bec="0" bev="0" fileid="1" />
                <SequencePoint vc="1" uspid="1635" ordinal="0" offset="201" sl="319" sc="13" el="319" ec="13" bec="0" bev="0" fileid="1" />
                <SequencePoint vc="1" uspid="1636" ordinal="0" offset="226" sl="320" sc="9" el="320" ec="9" bec="0" bev="0" fileid="1" />
              </SequencePoints>
              <BranchPoints />
            </Method>
            <Method visited="true" cyclomaticComplexity="0" nPathComplexity="0" sequenceCoverage="100.0" branchCoverage="0" crapScore="0" isConstructor="false" isStatic="false" isGetter="false" isSetter="false">
              <Summary numSequencePoints="4" visitedSequencePoints="4" numBranchPoints="0" visitedBranchPoints="0" sequenceCoverage="100.0" branchCoverage="0" maxCyclomaticComplexity="0" minCyclomaticComplexity="0" maxCrapScore="0" minCrapScore="0" visitedClasses="0" numClasses="0" visitedMethods="1" numMethods="1" />
              <MetadataToken>100663380</MetadataToken>
              <Name>System.Void GameInputActions/PlayerActions::RemoveCallbacks(GameInputActions/IPlayerActions)</Name>
              <FileRef uid="1" />
              <SequencePoints>
                <SequencePoint vc="1" uspid="1637" ordinal="0" offset="0" sl="323" sc="9" el="323" ec="9" bec="0" bev="0" fileid="1" />
                <SequencePoint vc="1" uspid="1638" ordinal="0" offset="1" sl="324" sc="13" el="324" ec="13" bec="0" bev="0" fileid="1" />
                <SequencePoint vc="1" uspid="1639" ordinal="0" offset="22" sl="325" sc="17" el="325" ec="17" bec="0" bev="0" fileid="1" />
                <SequencePoint vc="1" uspid="1640" ordinal="0" offset="30" sl="326" sc="9" el="326" ec="9" bec="0" bev="0" fileid="1" />
              </SequencePoints>
              <BranchPoints />
            </Method>
            <Method visited="true" cyclomaticComplexity="0" nPathComplexity="0" sequenceCoverage="77.78" branchCoverage="0" crapScore="0" isConstructor="false" isStatic="false" isGetter="false" isSetter="false">
              <Summary numSequencePoints="9" visitedSequencePoints="7" numBranchPoints="0" visitedBranchPoints="0" sequenceCoverage="77.78" branchCoverage="0" maxCyclomaticComplexity="0" minCyclomaticComplexity="0" maxCrapScore="0" minCrapScore="0" visitedClasses="0" numClasses="0" visitedMethods="1" numMethods="1" />
              <MetadataToken>100663381</MetadataToken>
              <Name>System.Void GameInputActions/PlayerActions::SetCallbacks(GameInputActions/IPlayerActions)</Name>
              <FileRef uid="1" />
              <SequencePoints>
                <SequencePoint vc="1" uspid="1641" ordinal="0" offset="0" sl="329" sc="9" el="329" ec="9" bec="0" bev="0" fileid="1" />
                <SequencePoint vc="1" uspid="1642" ordinal="0" offset="1" sl="330" sc="13" el="330" ec="13" bec="0" bev="0" fileid="1" />
                <SequencePoint vc="1" uspid="1643" ordinal="0" offset="2" sl="330" sc="34" el="330" ec="34" bec="0" bev="0" fileid="1" />
                <SequencePoint vc="0" uspid="1644" ordinal="0" offset="21" sl="330" sc="22" el="330" ec="22" bec="0" bev="0" fileid="1" />
                <SequencePoint vc="0" uspid="1645" ordinal="0" offset="29" sl="331" sc="17" el="331" ec="17" bec="0" bev="0" fileid="1" />
                <SequencePoint vc="1" uspid="1646" ordinal="0" offset="37" sl="330" sc="31" el="330" ec="31" bec="0" bev="0" fileid="1" />
                <SequencePoint vc="1" uspid="1647" ordinal="0" offset="63" sl="332" sc="13" el="332" ec="13" bec="0" bev="0" fileid="1" />
                <SequencePoint vc="1" uspid="1648" ordinal="0" offset="80" sl="333" sc="13" el="333" ec="13" bec="0" bev="0" fileid="1" />
                <SequencePoint vc="1" uspid="1649" ordinal="0" offset="88" sl="334" sc="9" el="334" ec="9" bec="0" bev="0" fileid="1" />
              </SequencePoints>
              <BranchPoints />
            </Method>
            <Method visited="true" cyclomaticComplexity="0" nPathComplexity="0" sequenceCoverage="100.0" branchCoverage="0" crapScore="0" isConstructor="true" isStatic="false" isGetter="false" isSetter="false">
              <Summary numSequencePoints="3" visitedSequencePoints="3" numBranchPoints="0" visitedBranchPoints="0" sequenceCoverage="100.0" branchCoverage="0" maxCyclomaticComplexity="0" minCyclomaticComplexity="0" maxCrapScore="0" minCrapScore="0" visitedClasses="0" numClasses="0" visitedMethods="1" numMethods="1" />
              <MetadataToken>100663369</MetadataToken>
              <Name>GameInputActions/PlayerActions::PlayerActions(GameInputActions)</Name>
              <FileRef uid="1" />
              <SequencePoints>
                <SequencePoint vc="7" uspid="1650" ordinal="0" offset="0" sl="285" sc="57" el="285" ec="57" bec="0" bev="0" fileid="1" />
                <SequencePoint vc="7" uspid="1651" ordinal="0" offset="1" sl="285" sc="59" el="285" ec="59" bec="0" bev="0" fileid="1" />
                <SequencePoint vc="7" uspid="1652" ordinal="0" offset="8" sl="285" sc="80" el="285" ec="80" bec="0" bev="0" fileid="1" />
              </SequencePoints>
              <BranchPoints />
            </Method>
          </Methods>
        </Class>
      </Classes>
    </Module>
  </Modules>
</CoverageSession>